{"D:\\hack2skill\\ArenaMind-V2\\src\\components\\ExecutiveDashboard.tsx": {"path":"D:\\hack2skill\\ArenaMind-V2\\src\\components\\ExecutiveDashboard.tsx","statementMap":{"0":{"start":{"line":7,"column":13},"end":{"line":125,"column":null}},"1":{"start":{"line":8,"column":32},"end":{"line":8,"column":null}},"2":{"start":{"line":9,"column":32},"end":{"line":9,"column":null}},"3":{"start":{"line":10,"column":28},"end":{"line":15,"column":null}},"4":{"start":{"line":17,"column":4},"end":{"line":37,"column":null}},"5":{"start":{"line":18,"column":28},"end":{"line":23,"column":null}},"6":{"start":{"line":19,"column":30},"end":{"line":19,"column":null}},"7":{"start":{"line":20,"column":12},"end":{"line":20,"column":null}},"8":{"start":{"line":21,"column":33},"end":{"line":21,"column":null}},"9":{"start":{"line":22,"column":12},"end":{"line":22,"column":null}},"10":{"start":{"line":24,"column":8},"end":{"line":24,"column":null}},"11":{"start":{"line":27,"column":25},"end":{"line":34,"column":null}},"12":{"start":{"line":28,"column":12},"end":{"line":32,"column":null}},"13":{"start":{"line":28,"column":29},"end":{"line":32,"column":14}},"14":{"start":{"line":33,"column":12},"end":{"line":33,"column":null}},"15":{"start":{"line":33,"column":37},"end":{"line":33,"column":null}},"16":{"start":{"line":36,"column":8},"end":{"line":36,"column":null}},"17":{"start":{"line":36,"column":21},"end":{"line":36,"column":null}},"18":{"start":{"line":39,"column":4},"end":{"line":123,"column":null}},"19":{"start":{"line":87,"column":36},"end":{"line":98,"column":null}},"20":{"start":{"line":109,"column":36},"end":{"line":115,"column":null}}},"fnMap":{"0":{"name":"(anonymous_0)","decl":{"start":{"line":7,"column":13},"end":{"line":7,"column":50}},"loc":{"start":{"line":7,"column":50},"end":{"line":125,"column":null}},"line":7},"1":{"name":"(anonymous_1)","decl":{"start":{"line":17,"column":4},"end":{"line":17,"column":20}},"loc":{"start":{"line":17,"column":20},"end":{"line":37,"column":7}},"line":17},"2":{"name":"(anonymous_2)","decl":{"start":{"line":18,"column":28},"end":{"line":18,"column":40}},"loc":{"start":{"line":18,"column":40},"end":{"line":23,"column":null}},"line":18},"3":{"name":"(anonymous_3)","decl":{"start":{"line":27,"column":25},"end":{"line":27,"column":43}},"loc":{"start":{"line":27,"column":43},"end":{"line":34,"column":11}},"line":27},"4":{"name":"(anonymous_4)","decl":{"start":{"line":28,"column":12},"end":{"line":28,"column":20}},"loc":{"start":{"line":28,"column":29},"end":{"line":32,"column":14}},"line":28},"5":{"name":"(anonymous_5)","decl":{"start":{"line":36,"column":8},"end":{"line":36,"column":21}},"loc":{"start":{"line":36,"column":21},"end":{"line":36,"column":null}},"line":36},"6":{"name":"(anonymous_6)","decl":{"start":{"line":86,"column":39},"end":{"line":86,"column":43}},"loc":{"start":{"line":87,"column":36},"end":{"line":98,"column":null}},"line":87},"7":{"name":"(anonymous_7)","decl":{"start":{"line":108,"column":39},"end":{"line":108,"column":43}},"loc":{"start":{"line":109,"column":36},"end":{"line":115,"column":null}},"line":109}},"branchMap":{"0":{"loc":{"start":{"line":33,"column":12},"end":{"line":33,"column":null}},"type":"if","locations":[{"start":{"line":33,"column":12},"end":{"line":33,"column":null}},{"start":{},"end":{}}],"line":33},"1":{"loc":{"start":{"line":63,"column":77},"end":{"line":63,"column":139}},"type":"cond-expr","locations":[{"start":{"line":63,"column":104},"end":{"line":63,"column":123}},{"start":{"line":63,"column":123},"end":{"line":63,"column":139}}],"line":63},"2":{"loc":{"start":{"line":64,"column":25},"end":{"line":64,"column":null}},"type":"cond-expr","locations":[{"start":{"line":64,"column":52},"end":{"line":64,"column":65}},{"start":{"line":64,"column":65},"end":{"line":64,"column":null}}],"line":64},"3":{"loc":{"start":{"line":83,"column":21},"end":{"line":99,"column":null}},"type":"cond-expr","locations":[{"start":{"line":84,"column":32},"end":{"line":86,"column":39}},{"start":{"line":86,"column":32},"end":{"line":99,"column":null}}],"line":83},"4":{"loc":{"start":{"line":91,"column":65},"end":{"line":91,"column":null}},"type":"cond-expr","locations":[{"start":{"line":91,"column":97},"end":{"line":91,"column":115}},{"start":{"line":91,"column":115},"end":{"line":91,"column":null}}],"line":91},"5":{"loc":{"start":{"line":91,"column":115},"end":{"line":91,"column":null}},"type":"cond-expr","locations":[{"start":{"line":91,"column":146},"end":{"line":91,"column":165}},{"start":{"line":91,"column":165},"end":{"line":91,"column":null}}],"line":91},"6":{"loc":{"start":{"line":107,"column":29},"end":{"line":116,"column":null}},"type":"cond-expr","locations":[{"start":{"line":107,"column":51},"end":{"line":108,"column":39}},{"start":{"line":108,"column":32},"end":{"line":116,"column":null}}],"line":107},"7":{"loc":{"start":{"line":112,"column":72},"end":{"line":112,"column":146}},"type":"cond-expr","locations":[{"start":{"line":112,"column":111},"end":{"line":112,"column":128}},{"start":{"line":112,"column":128},"end":{"line":112,"column":146}}],"line":112}},"s":{"0":1,"1":2,"2":2,"3":2,"4":2,"5":2,"6":2,"7":0,"8":0,"9":0,"10":2,"11":2,"12":0,"13":0,"14":0,"15":0,"16":2,"17":2,"18":2,"19":0,"20":0},"f":{"0":2,"1":2,"2":2,"3":0,"4":0,"5":2,"6":0,"7":0},"b":{"0":[0,0],"1":[2,0],"2":[2,0],"3":[2,0],"4":[0,0],"5":[0,0],"6":[2,0],"7":[0,0]},"meta":{"lastBranch":8,"lastFunction":8,"lastStatement":21,"seen":{"s:7:13:125:Infinity":0,"f:7:13:7:50":0,"s:8:32:8:Infinity":1,"s:9:32:9:Infinity":2,"s:10:28:15:Infinity":3,"s:17:4:37:Infinity":4,"f:17:4:17:20":1,"s:18:28:23:Infinity":5,"f:18:28:18:40":2,"s:19:30:19:Infinity":6,"s:20:12:20:Infinity":7,"s:21:33:21:Infinity":8,"s:22:12:22:Infinity":9,"s:24:8:24:Infinity":10,"s:27:25:34:Infinity":11,"f:27:25:27:43":3,"s:28:12:32:Infinity":12,"f:28:12:28:20":4,"s:28:29:32:14":13,"b:33:12:33:Infinity:undefined:undefined:undefined:undefined":0,"s:33:12:33:Infinity":14,"s:33:37:33:Infinity":15,"s:36:8:36:Infinity":16,"f:36:8:36:21":5,"s:36:21:36:Infinity":17,"s:39:4:123:Infinity":18,"b:63:104:63:123:63:123:63:139":1,"b:64:52:64:65:64:65:64:Infinity":2,"b:84:32:86:39:86:32:99:Infinity":3,"f:86:39:86:43":6,"s:87:36:98:Infinity":19,"b:91:97:91:115:91:115:91:Infinity":4,"b:91:146:91:165:91:165:91:Infinity":5,"b:107:51:108:39:108:32:116:Infinity":6,"f:108:39:108:43":7,"s:109:36:115:Infinity":20,"b:112:111:112:128:112:128:112:146":7},"fnNames":{}}}
,"D:\\hack2skill\\ArenaMind-V2\\src\\components\\FanCopilot.tsx": {"path":"D:\\hack2skill\\ArenaMind-V2\\src\\components\\FanCopilot.tsx","statementMap":{"0":{"start":{"line":6,"column":13},"end":{"line":152,"column":null}},"1":{"start":{"line":7,"column":36},"end":{"line":9,"column":null}},"2":{"start":{"line":10,"column":30},"end":{"line":10,"column":null}},"3":{"start":{"line":11,"column":36},"end":{"line":11,"column":null}},"4":{"start":{"line":12,"column":30},"end":{"line":12,"column":null}},"5":{"start":{"line":13,"column":34},"end":{"line":13,"column":null}},"6":{"start":{"line":14,"column":46},"end":{"line":14,"column":null}},"7":{"start":{"line":16,"column":23},"end":{"line":41,"column":null}},"8":{"start":{"line":17,"column":8},"end":{"line":17,"column":null}},"9":{"start":{"line":17,"column":65},"end":{"line":17,"column":null}},"10":{"start":{"line":18,"column":8},"end":{"line":18,"column":null}},"11":{"start":{"line":18,"column":27},"end":{"line":18,"column":null}},"12":{"start":{"line":20,"column":8},"end":{"line":20,"column":null}},"13":{"start":{"line":21,"column":8},"end":{"line":21,"column":null}},"14":{"start":{"line":21,"column":25},"end":{"line":21,"column":50}},"15":{"start":{"line":23,"column":24},"end":{"line":23,"column":null}},"16":{"start":{"line":24,"column":32},"end":{"line":24,"column":null}},"17":{"start":{"line":25,"column":8},"end":{"line":25,"column":null}},"18":{"start":{"line":25,"column":28},"end":{"line":25,"column":45}},"19":{"start":{"line":26,"column":8},"end":{"line":26,"column":null}},"20":{"start":{"line":27,"column":8},"end":{"line":27,"column":null}},"21":{"start":{"line":30,"column":24},"end":{"line":30,"column":null}},"22":{"start":{"line":30,"column":42},"end":{"line":30,"column":80}},"23":{"start":{"line":32,"column":27},"end":{"line":32,"column":null}},"24":{"start":{"line":33,"column":32},"end":{"line":33,"column":null}},"25":{"start":{"line":35,"column":8},"end":{"line":39,"column":null}},"26":{"start":{"line":35,"column":28},"end":{"line":39,"column":10}},"27":{"start":{"line":40,"column":8},"end":{"line":40,"column":null}},"28":{"start":{"line":43,"column":33},"end":{"line":46,"column":null}},"29":{"start":{"line":44,"column":38},"end":{"line":44,"column":null}},"30":{"start":{"line":45,"column":8},"end":{"line":45,"column":null}},"31":{"start":{"line":45,"column":28},"end":{"line":45,"column":51}},"32":{"start":{"line":48,"column":4},"end":{"line":150,"column":null}},"33":{"start":{"line":59,"column":57},"end":{"line":59,"column":83}},"34":{"start":{"line":71,"column":24},"end":{"line":108,"column":null}},"35":{"start":{"line":133,"column":39},"end":{"line":133,"column":null}},"36":{"start":{"line":134,"column":41},"end":{"line":134,"column":null}},"37":{"start":{"line":139,"column":60},"end":{"line":139,"column":89}}},"fnMap":{"0":{"name":"(anonymous_0)","decl":{"start":{"line":6,"column":13},"end":{"line":6,"column":63}},"loc":{"start":{"line":6,"column":83},"end":{"line":152,"column":null}},"line":6},"1":{"name":"(anonymous_1)","decl":{"start":{"line":16,"column":23},"end":{"line":16,"column":35}},"loc":{"start":{"line":16,"column":35},"end":{"line":41,"column":null}},"line":16},"2":{"name":"(anonymous_2)","decl":{"start":{"line":21,"column":8},"end":{"line":21,"column":25}},"loc":{"start":{"line":21,"column":25},"end":{"line":21,"column":50}},"line":21},"3":{"name":"(anonymous_3)","decl":{"start":{"line":25,"column":8},"end":{"line":25,"column":20}},"loc":{"start":{"line":25,"column":28},"end":{"line":25,"column":45}},"line":25},"4":{"name":"(anonymous_4)","decl":{"start":{"line":30,"column":33},"end":{"line":30,"column":37}},"loc":{"start":{"line":30,"column":42},"end":{"line":30,"column":80}},"line":30},"5":{"name":"(anonymous_5)","decl":{"start":{"line":35,"column":8},"end":{"line":35,"column":20}},"loc":{"start":{"line":35,"column":28},"end":{"line":39,"column":10}},"line":35},"6":{"name":"(anonymous_6)","decl":{"start":{"line":43,"column":33},"end":{"line":43,"column":45}},"loc":{"start":{"line":43,"column":45},"end":{"line":46,"column":null}},"line":43},"7":{"name":"(anonymous_7)","decl":{"start":{"line":45,"column":8},"end":{"line":45,"column":20}},"loc":{"start":{"line":45,"column":28},"end":{"line":45,"column":51}},"line":45},"8":{"name":"(anonymous_8)","decl":{"start":{"line":59,"column":42},"end":{"line":59,"column":52}},"loc":{"start":{"line":59,"column":57},"end":{"line":59,"column":83}},"line":59},"9":{"name":"(anonymous_9)","decl":{"start":{"line":70,"column":30},"end":{"line":70,"column":35}},"loc":{"start":{"line":71,"column":24},"end":{"line":108,"column":null}},"line":71},"10":{"name":"(anonymous_10)","decl":{"start":{"line":133,"column":24},"end":{"line":133,"column":34}},"loc":{"start":{"line":133,"column":39},"end":{"line":133,"column":null}},"line":133},"11":{"name":"(anonymous_11)","decl":{"start":{"line":134,"column":24},"end":{"line":134,"column":36}},"loc":{"start":{"line":134,"column":41},"end":{"line":134,"column":null}},"line":134},"12":{"name":"(anonymous_12)","decl":{"start":{"line":139,"column":45},"end":{"line":139,"column":55}},"loc":{"start":{"line":139,"column":60},"end":{"line":139,"column":89}},"line":139}},"branchMap":{"0":{"loc":{"start":{"line":17,"column":8},"end":{"line":17,"column":null}},"type":"if","locations":[{"start":{"line":17,"column":8},"end":{"line":17,"column":null}},{"start":{},"end":{}}],"line":17},"1":{"loc":{"start":{"line":17,"column":12},"end":{"line":17,"column":65}},"type":"binary-expr","locations":[{"start":{"line":17,"column":12},"end":{"line":17,"column":29}},{"start":{"line":17,"column":29},"end":{"line":17,"column":65}}],"line":17},"2":{"loc":{"start":{"line":18,"column":8},"end":{"line":18,"column":null}},"type":"if","locations":[{"start":{"line":18,"column":8},"end":{"line":18,"column":null}},{"start":{},"end":{}}],"line":18},"3":{"loc":{"start":{"line":73,"column":43},"end":{"line":73,"column":null}},"type":"cond-expr","locations":[{"start":{"line":73,"column":65},"end":{"line":73,"column":81}},{"start":{"line":73,"column":81},"end":{"line":73,"column":null}}],"line":73},"4":{"loc":{"start":{"line":74,"column":39},"end":{"line":74,"column":null}},"type":"cond-expr","locations":[{"start":{"line":74,"column":61},"end":{"line":74,"column":74}},{"start":{"line":74,"column":74},"end":{"line":74,"column":null}}],"line":74},"5":{"loc":{"start":{"line":79,"column":44},"end":{"line":79,"column":null}},"type":"cond-expr","locations":[{"start":{"line":79,"column":64},"end":{"line":79,"column":91}},{"start":{"line":79,"column":91},"end":{"line":79,"column":null}}],"line":79},"6":{"loc":{"start":{"line":81,"column":46},"end":{"line":81,"column":111}},"type":"cond-expr","locations":[{"start":{"line":81,"column":66},"end":{"line":81,"column":88}},{"start":{"line":81,"column":88},"end":{"line":81,"column":111}}],"line":81},"7":{"loc":{"start":{"line":85,"column":44},"end":{"line":85,"column":null}},"type":"cond-expr","locations":[{"start":{"line":85,"column":64},"end":{"line":85,"column":91}},{"start":{"line":85,"column":91},"end":{"line":85,"column":null}}],"line":85},"8":{"loc":{"start":{"line":86,"column":53},"end":{"line":86,"column":null}},"type":"cond-expr","locations":[{"start":{"line":86,"column":73},"end":{"line":86,"column":81}},{"start":{"line":86,"column":81},"end":{"line":86,"column":null}}],"line":86},"9":{"loc":{"start":{"line":87,"column":54},"end":{"line":87,"column":null}},"type":"cond-expr","locations":[{"start":{"line":87,"column":76},"end":{"line":87,"column":84}},{"start":{"line":87,"column":84},"end":{"line":87,"column":null}}],"line":87},"10":{"loc":{"start":{"line":89,"column":33},"end":{"line":105,"column":null}},"type":"cond-expr","locations":[{"start":{"line":90,"column":36},"end":{"line":105,"column":38}},{"start":{"line":105,"column":36},"end":{"line":105,"column":null}}],"line":89},"11":{"loc":{"start":{"line":110,"column":21},"end":{"line":118,"column":null}},"type":"binary-expr","locations":[{"start":{"line":110,"column":21},"end":{"line":110,"column":null}},{"start":{"line":111,"column":24},"end":{"line":118,"column":null}}],"line":110},"12":{"loc":{"start":{"line":134,"column":41},"end":{"line":134,"column":null}},"type":"binary-expr","locations":[{"start":{"line":134,"column":41},"end":{"line":134,"column":62}},{"start":{"line":134,"column":62},"end":{"line":134,"column":null}}],"line":134},"13":{"loc":{"start":{"line":146,"column":25},"end":{"line":146,"column":null}},"type":"cond-expr","locations":[{"start":{"line":146,"column":41},"end":{"line":146,"column":94}},{"start":{"line":146,"column":93},"end":{"line":146,"column":null}}],"line":146}},"s":{"0":1,"1":4,"2":4,"3":4,"4":4,"5":4,"6":4,"7":4,"8":1,"9":0,"10":1,"11":0,"12":1,"13":1,"14":0,"15":1,"16":1,"17":1,"18":1,"19":1,"20":1,"21":1,"22":1,"23":1,"24":1,"25":1,"26":0,"27":1,"28":4,"29":0,"30":0,"31":0,"32":4,"33":0,"34":5,"35":1,"36":0,"37":0},"f":{"0":4,"1":1,"2":0,"3":1,"4":1,"5":0,"6":0,"7":0,"8":0,"9":5,"10":1,"11":0,"12":0},"b":{"0":[0,1],"1":[1,0],"2":[0,1],"3":[1,4],"4":[1,4],"5":[4,1],"6":[4,1],"7":[4,1],"8":[4,1],"9":[1,4],"10":[0,5],"11":[4,1],"12":[0,0],"13":[1,3]},"meta":{"lastBranch":14,"lastFunction":13,"lastStatement":38,"seen":{"s:6:13:152:Infinity":0,"f:6:13:6:63":0,"s:7:36:9:Infinity":1,"s:10:30:10:Infinity":2,"s:11:36:11:Infinity":3,"s:12:30:12:Infinity":4,"s:13:34:13:Infinity":5,"s:14:46:14:Infinity":6,"s:16:23:41:Infinity":7,"f:16:23:16:35":1,"b:17:8:17:Infinity:undefined:undefined:undefined:undefined":0,"s:17:8:17:Infinity":8,"b:17:12:17:29:17:29:17:65":1,"s:17:65:17:Infinity":9,"b:18:8:18:Infinity:undefined:undefined:undefined:undefined":2,"s:18:8:18:Infinity":10,"s:18:27:18:Infinity":11,"s:20:8:20:Infinity":12,"s:21:8:21:Infinity":13,"f:21:8:21:25":2,"s:21:25:21:50":14,"s:23:24:23:Infinity":15,"s:24:32:24:Infinity":16,"s:25:8:25:Infinity":17,"f:25:8:25:20":3,"s:25:28:25:45":18,"s:26:8:26:Infinity":19,"s:27:8:27:Infinity":20,"s:30:24:30:Infinity":21,"f:30:33:30:37":4,"s:30:42:30:80":22,"s:32:27:32:Infinity":23,"s:33:32:33:Infinity":24,"s:35:8:39:Infinity":25,"f:35:8:35:20":5,"s:35:28:39:10":26,"s:40:8:40:Infinity":27,"s:43:33:46:Infinity":28,"f:43:33:43:45":6,"s:44:38:44:Infinity":29,"s:45:8:45:Infinity":30,"f:45:8:45:20":7,"s:45:28:45:51":31,"s:48:4:150:Infinity":32,"f:59:42:59:52":8,"s:59:57:59:83":33,"f:70:30:70:35":9,"s:71:24:108:Infinity":34,"b:73:65:73:81:73:81:73:Infinity":3,"b:74:61:74:74:74:74:74:Infinity":4,"b:79:64:79:91:79:91:79:Infinity":5,"b:81:66:81:88:81:88:81:111":6,"b:85:64:85:91:85:91:85:Infinity":7,"b:86:73:86:81:86:81:86:Infinity":8,"b:87:76:87:84:87:84:87:Infinity":9,"b:90:36:105:38:105:36:105:Infinity":10,"b:110:21:110:Infinity:111:24:118:Infinity":11,"f:133:24:133:34":10,"s:133:39:133:Infinity":35,"f:134:24:134:36":11,"s:134:41:134:Infinity":36,"b:134:41:134:62:134:62:134:Infinity":12,"f:139:45:139:55":12,"s:139:60:139:89":37,"b:146:41:146:94:146:93:146:Infinity":13},"fnNames":{}}}
,"D:\\hack2skill\\ArenaMind-V2\\src\\components\\InteractiveStadium.tsx": {"path":"D:\\hack2skill\\ArenaMind-V2\\src\\components\\InteractiveStadium.tsx","statementMap":{"0":{"start":{"line":9,"column":24},"end":{"line":14,"column":null}},"1":{"start":{"line":25,"column":6},"end":{"line":355,"column":null}},"2":{"start":{"line":26,"column":23},"end":{"line":26,"column":null}},"3":{"start":{"line":27,"column":23},"end":{"line":27,"column":null}},"4":{"start":{"line":28,"column":23},"end":{"line":28,"column":null}},"5":{"start":{"line":29,"column":23},"end":{"line":29,"column":null}},"6":{"start":{"line":30,"column":22},"end":{"line":30,"column":null}},"7":{"start":{"line":32,"column":18},"end":{"line":54,"column":null}},"8":{"start":{"line":33,"column":6},"end":{"line":33,"column":null}},"9":{"start":{"line":33,"column":48},"end":{"line":33,"column":null}},"10":{"start":{"line":35,"column":22},"end":{"line":35,"column":null}},"11":{"start":{"line":35,"column":39},"end":{"line":35,"column":80}},"12":{"start":{"line":36,"column":6},"end":{"line":36,"column":null}},"13":{"start":{"line":36,"column":32},"end":{"line":36,"column":null}},"14":{"start":{"line":38,"column":20},"end":{"line":38,"column":null}},"15":{"start":{"line":39,"column":20},"end":{"line":39,"column":null}},"16":{"start":{"line":41,"column":6},"end":{"line":50,"column":null}},"17":{"start":{"line":42,"column":10},"end":{"line":42,"column":null}},"18":{"start":{"line":42,"column":39},"end":{"line":42,"column":null}},"19":{"start":{"line":43,"column":21},"end":{"line":43,"column":null}},"20":{"start":{"line":44,"column":21},"end":{"line":44,"column":null}},"21":{"start":{"line":45,"column":23},"end":{"line":45,"column":null}},"22":{"start":{"line":46,"column":10},"end":{"line":49,"column":null}},"23":{"start":{"line":47,"column":14},"end":{"line":47,"column":null}},"24":{"start":{"line":48,"column":14},"end":{"line":48,"column":null}},"25":{"start":{"line":52,"column":6},"end":{"line":52,"column":null}},"26":{"start":{"line":52,"column":32},"end":{"line":52,"column":null}},"27":{"start":{"line":53,"column":6},"end":{"line":53,"column":null}},"28":{"start":{"line":57,"column":2},"end":{"line":101,"column":null}},"29":{"start":{"line":58,"column":4},"end":{"line":100,"column":null}},"30":{"start":{"line":59,"column":6},"end":{"line":59,"column":null}},"31":{"start":{"line":59,"column":32},"end":{"line":59,"column":null}},"32":{"start":{"line":60,"column":6},"end":{"line":60,"column":null}},"33":{"start":{"line":60,"column":32},"end":{"line":60,"column":null}},"34":{"start":{"line":61,"column":6},"end":{"line":64,"column":null}},"35":{"start":{"line":62,"column":10},"end":{"line":62,"column":null}},"36":{"start":{"line":63,"column":10},"end":{"line":63,"column":null}},"37":{"start":{"line":67,"column":6},"end":{"line":80,"column":null}},"38":{"start":{"line":68,"column":20},"end":{"line":68,"column":null}},"39":{"start":{"line":69,"column":10},"end":{"line":79,"column":null}},"40":{"start":{"line":70,"column":30},"end":{"line":70,"column":null}},"41":{"start":{"line":71,"column":20},"end":{"line":71,"column":null}},"42":{"start":{"line":73,"column":28},"end":{"line":73,"column":null}},"43":{"start":{"line":74,"column":26},"end":{"line":74,"column":null}},"44":{"start":{"line":76,"column":14},"end":{"line":76,"column":null}},"45":{"start":{"line":77,"column":14},"end":{"line":77,"column":null}},"46":{"start":{"line":78,"column":14},"end":{"line":78,"column":null}},"47":{"start":{"line":83,"column":6},"end":{"line":95,"column":null}},"48":{"start":{"line":84,"column":20},"end":{"line":84,"column":null}},"49":{"start":{"line":85,"column":10},"end":{"line":94,"column":null}},"50":{"start":{"line":86,"column":14},"end":{"line":86,"column":null}},"51":{"start":{"line":86,"column":41},"end":{"line":86,"column":null}},"52":{"start":{"line":87,"column":30},"end":{"line":87,"column":null}},"53":{"start":{"line":88,"column":20},"end":{"line":88,"column":null}},"54":{"start":{"line":89,"column":28},"end":{"line":89,"column":null}},"55":{"start":{"line":90,"column":26},"end":{"line":90,"column":null}},"56":{"start":{"line":91,"column":14},"end":{"line":91,"column":null}},"57":{"start":{"line":92,"column":14},"end":{"line":92,"column":null}},"58":{"start":{"line":93,"column":14},"end":{"line":93,"column":null}},"59":{"start":{"line":98,"column":8},"end":{"line":98,"column":null}},"60":{"start":{"line":98,"column":34},"end":{"line":98,"column":null}},"61":{"start":{"line":99,"column":8},"end":{"line":99,"column":null}},"62":{"start":{"line":99,"column":34},"end":{"line":99,"column":null}},"63":{"start":{"line":103,"column":18},"end":{"line":103,"column":null}},"64":{"start":{"line":105,"column":8},"end":{"line":115,"column":null}},"65":{"start":{"line":106,"column":6},"end":{"line":114,"column":null}},"66":{"start":{"line":107,"column":24},"end":{"line":107,"column":null}},"67":{"start":{"line":108,"column":23},"end":{"line":108,"column":null}},"68":{"start":{"line":109,"column":27},"end":{"line":109,"column":null}},"69":{"start":{"line":110,"column":26},"end":{"line":110,"column":null}},"70":{"start":{"line":111,"column":26},"end":{"line":111,"column":null}},"71":{"start":{"line":112,"column":26},"end":{"line":112,"column":null}},"72":{"start":{"line":113,"column":19},"end":{"line":113,"column":null}},"73":{"start":{"line":117,"column":8},"end":{"line":125,"column":null}},"74":{"start":{"line":118,"column":4},"end":{"line":124,"column":null}},"75":{"start":{"line":119,"column":22},"end":{"line":119,"column":null}},"76":{"start":{"line":120,"column":21},"end":{"line":120,"column":null}},"77":{"start":{"line":121,"column":24},"end":{"line":121,"column":null}},"78":{"start":{"line":122,"column":24},"end":{"line":122,"column":null}},"79":{"start":{"line":123,"column":17},"end":{"line":123,"column":null}},"80":{"start":{"line":127,"column":8},"end":{"line":130,"column":null}},"81":{"start":{"line":128,"column":21},"end":{"line":128,"column":null}},"82":{"start":{"line":128,"column":45},"end":{"line":128,"column":94}},"83":{"start":{"line":129,"column":6},"end":{"line":129,"column":null}},"84":{"start":{"line":132,"column":8},"end":{"line":141,"column":null}},"85":{"start":{"line":134,"column":6},"end":{"line":136,"column":null}},"86":{"start":{"line":135,"column":10},"end":{"line":135,"column":null}},"87":{"start":{"line":137,"column":22},"end":{"line":137,"column":null}},"88":{"start":{"line":138,"column":6},"end":{"line":138,"column":null}},"89":{"start":{"line":138,"column":24},"end":{"line":138,"column":null}},"90":{"start":{"line":139,"column":6},"end":{"line":139,"column":null}},"91":{"start":{"line":139,"column":24},"end":{"line":139,"column":null}},"92":{"start":{"line":140,"column":6},"end":{"line":140,"column":null}},"93":{"start":{"line":144,"column":24},"end":{"line":144,"column":null}},"94":{"start":{"line":145,"column":20},"end":{"line":155,"column":null}},"95":{"start":{"line":146,"column":16},"end":{"line":146,"column":null}},"96":{"start":{"line":147,"column":4},"end":{"line":153,"column":null}},"97":{"start":{"line":147,"column":17},"end":{"line":147,"column":20}},"98":{"start":{"line":148,"column":20},"end":{"line":148,"column":null}},"99":{"start":{"line":149,"column":21},"end":{"line":149,"column":null}},"100":{"start":{"line":150,"column":6},"end":{"line":150,"column":null}},"101":{"start":{"line":151,"column":6},"end":{"line":151,"column":null}},"102":{"start":{"line":152,"column":6},"end":{"line":152,"column":null}},"103":{"start":{"line":154,"column":4},"end":{"line":154,"column":null}},"104":{"start":{"line":157,"column":2},"end":{"line":353,"column":null}},"105":{"start":{"line":256,"column":18},"end":{"line":264,"column":null}},"106":{"start":{"line":257,"column":22},"end":{"line":263,"column":null}},"107":{"start":{"line":273,"column":18},"end":{"line":279,"column":null}},"108":{"start":{"line":306,"column":8},"end":{"line":351,"column":null}},"109":{"start":{"line":310,"column":14},"end":{"line":310,"column":null}},"110":{"start":{"line":311,"column":14},"end":{"line":311,"column":null}},"111":{"start":{"line":314,"column":14},"end":{"line":314,"column":null}},"112":{"start":{"line":315,"column":14},"end":{"line":315,"column":null}},"113":{"start":{"line":318,"column":14},"end":{"line":318,"column":null}},"114":{"start":{"line":326,"column":24},"end":{"line":326,"column":null}},"115":{"start":{"line":327,"column":24},"end":{"line":327,"column":null}},"116":{"start":{"line":357,"column":13},"end":{"line":651,"column":null}},"117":{"start":{"line":358,"column":34},"end":{"line":358,"column":null}},"118":{"start":{"line":359,"column":32},"end":{"line":359,"column":null}},"119":{"start":{"line":360,"column":26},"end":{"line":360,"column":null}},"120":{"start":{"line":361,"column":32},"end":{"line":361,"column":null}},"121":{"start":{"line":362,"column":44},"end":{"line":362,"column":null}},"122":{"start":{"line":363,"column":40},"end":{"line":363,"column":null}},"123":{"start":{"line":364,"column":40},"end":{"line":364,"column":null}},"124":{"start":{"line":366,"column":2},"end":{"line":374,"column":null}},"125":{"start":{"line":367,"column":22},"end":{"line":372,"column":null}},"126":{"start":{"line":368,"column":10},"end":{"line":368,"column":null}},"127":{"start":{"line":369,"column":23},"end":{"line":369,"column":null}},"128":{"start":{"line":370,"column":10},"end":{"line":370,"column":null}},"129":{"start":{"line":371,"column":10},"end":{"line":371,"column":null}},"130":{"start":{"line":373,"column":6},"end":{"line":373,"column":null}},"131":{"start":{"line":376,"column":2},"end":{"line":384,"column":null}},"132":{"start":{"line":377,"column":6},"end":{"line":377,"column":null}},"133":{"start":{"line":378,"column":6},"end":{"line":378,"column":null}},"134":{"start":{"line":379,"column":23},"end":{"line":382,"column":null}},"135":{"start":{"line":380,"column":10},"end":{"line":380,"column":null}},"136":{"start":{"line":381,"column":10},"end":{"line":381,"column":null}},"137":{"start":{"line":383,"column":6},"end":{"line":383,"column":null}},"138":{"start":{"line":383,"column":19},"end":{"line":383,"column":null}},"139":{"start":{"line":386,"column":8},"end":{"line":396,"column":null}},"140":{"start":{"line":387,"column":6},"end":{"line":395,"column":null}},"141":{"start":{"line":388,"column":24},"end":{"line":388,"column":null}},"142":{"start":{"line":389,"column":23},"end":{"line":389,"column":null}},"143":{"start":{"line":390,"column":27},"end":{"line":390,"column":null}},"144":{"start":{"line":391,"column":26},"end":{"line":391,"column":null}},"145":{"start":{"line":392,"column":26},"end":{"line":392,"column":null}},"146":{"start":{"line":393,"column":26},"end":{"line":393,"column":null}},"147":{"start":{"line":394,"column":19},"end":{"line":394,"column":null}},"148":{"start":{"line":398,"column":8},"end":{"line":410,"column":null}},"149":{"start":{"line":399,"column":19},"end":{"line":399,"column":null}},"150":{"start":{"line":400,"column":16},"end":{"line":400,"column":null}},"151":{"start":{"line":401,"column":6},"end":{"line":406,"column":null}},"152":{"start":{"line":401,"column":34},"end":{"line":401,"column":null}},"153":{"start":{"line":402,"column":11},"end":{"line":406,"column":null}},"154":{"start":{"line":402,"column":39},"end":{"line":402,"column":null}},"155":{"start":{"line":403,"column":11},"end":{"line":406,"column":null}},"156":{"start":{"line":403,"column":68},"end":{"line":403,"column":null}},"157":{"start":{"line":404,"column":11},"end":{"line":406,"column":null}},"158":{"start":{"line":404,"column":65},"end":{"line":404,"column":null}},"159":{"start":{"line":405,"column":11},"end":{"line":406,"column":null}},"160":{"start":{"line":405,"column":45},"end":{"line":405,"column":null}},"161":{"start":{"line":406,"column":11},"end":{"line":406,"column":null}},"162":{"start":{"line":408,"column":22},"end":{"line":408,"column":null}},"163":{"start":{"line":408,"column":48},"end":{"line":408,"column":64}},"164":{"start":{"line":409,"column":6},"end":{"line":409,"column":null}},"165":{"start":{"line":412,"column":8},"end":{"line":425,"column":null}},"166":{"start":{"line":413,"column":6},"end":{"line":413,"column":null}},"167":{"start":{"line":413,"column":37},"end":{"line":413,"column":null}},"168":{"start":{"line":414,"column":6},"end":{"line":418,"column":null}},"169":{"start":{"line":415,"column":10},"end":{"line":415,"column":null}},"170":{"start":{"line":415,"column":26},"end":{"line":415,"column":null}},"171":{"start":{"line":416,"column":10},"end":{"line":416,"column":null}},"172":{"start":{"line":416,"column":26},"end":{"line":416,"column":null}},"173":{"start":{"line":417,"column":10},"end":{"line":417,"column":null}},"174":{"start":{"line":419,"column":6},"end":{"line":423,"column":null}},"175":{"start":{"line":420,"column":10},"end":{"line":420,"column":null}},"176":{"start":{"line":420,"column":26},"end":{"line":420,"column":null}},"177":{"start":{"line":421,"column":10},"end":{"line":421,"column":null}},"178":{"start":{"line":421,"column":25},"end":{"line":421,"column":null}},"179":{"start":{"line":422,"column":10},"end":{"line":422,"column":null}},"180":{"start":{"line":424,"column":6},"end":{"line":424,"column":null}},"181":{"start":{"line":427,"column":2},"end":{"line":649,"column":null}},"182":{"start":{"line":435,"column":31},"end":{"line":435,"column":null}},"183":{"start":{"line":441,"column":31},"end":{"line":441,"column":null}},"184":{"start":{"line":453,"column":20},"end":{"line":453,"column":null}},"185":{"start":{"line":454,"column":20},"end":{"line":454,"column":null}},"186":{"start":{"line":486,"column":28},"end":{"line":486,"column":null}},"187":{"start":{"line":487,"column":28},"end":{"line":487,"column":null}},"188":{"start":{"line":489,"column":28},"end":{"line":497,"column":null}},"189":{"start":{"line":490,"column":24},"end":{"line":496,"column":null}},"190":{"start":{"line":491,"column":42},"end":{"line":491,"column":null}},"191":{"start":{"line":492,"column":41},"end":{"line":492,"column":null}},"192":{"start":{"line":493,"column":44},"end":{"line":493,"column":null}},"193":{"start":{"line":494,"column":44},"end":{"line":494,"column":null}},"194":{"start":{"line":495,"column":37},"end":{"line":495,"column":null}},"195":{"start":{"line":499,"column":22},"end":{"line":526,"column":null}},"196":{"start":{"line":502,"column":45},"end":{"line":502,"column":null}},"197":{"start":{"line":550,"column":143},"end":{"line":550,"column":177}},"198":{"start":{"line":591,"column":37},"end":{"line":591,"column":null}},"199":{"start":{"line":611,"column":34},"end":{"line":623,"column":null}}},"fnMap":{"0":{"name":"(anonymous_0)","decl":{"start":{"line":25,"column":6},"end":{"line":25,"column":50}},"loc":{"start":{"line":25,"column":127},"end":{"line":355,"column":null}},"line":25},"1":{"name":"(anonymous_1)","decl":{"start":{"line":32,"column":24},"end":{"line":32,"column":38}},"loc":{"start":{"line":32,"column":38},"end":{"line":54,"column":5}},"line":32},"2":{"name":"(anonymous_2)","decl":{"start":{"line":35,"column":27},"end":{"line":35,"column":34}},"loc":{"start":{"line":35,"column":39},"end":{"line":35,"column":80}},"line":35},"3":{"name":"(anonymous_3)","decl":{"start":{"line":57,"column":2},"end":{"line":57,"column":12}},"loc":{"start":{"line":57,"column":29},"end":{"line":101,"column":3}},"line":57},"4":{"name":"(anonymous_4)","decl":{"start":{"line":69,"column":40},"end":{"line":69,"column":49}},"loc":{"start":{"line":69,"column":77},"end":{"line":79,"column":11}},"line":69},"5":{"name":"(anonymous_5)","decl":{"start":{"line":85,"column":39},"end":{"line":85,"column":48}},"loc":{"start":{"line":85,"column":76},"end":{"line":94,"column":11}},"line":85},"6":{"name":"(anonymous_6)","decl":{"start":{"line":105,"column":8},"end":{"line":105,"column":26}},"loc":{"start":{"line":105,"column":43},"end":{"line":115,"column":null}},"line":105},"7":{"name":"(anonymous_7)","decl":{"start":{"line":117,"column":8},"end":{"line":117,"column":27}},"loc":{"start":{"line":117,"column":44},"end":{"line":125,"column":null}},"line":117},"8":{"name":"(anonymous_8)","decl":{"start":{"line":127,"column":8},"end":{"line":127,"column":29}},"loc":{"start":{"line":127,"column":56},"end":{"line":130,"column":null}},"line":127},"9":{"name":"(anonymous_9)","decl":{"start":{"line":128,"column":35},"end":{"line":128,"column":40}},"loc":{"start":{"line":128,"column":45},"end":{"line":128,"column":94}},"line":128},"10":{"name":"(anonymous_10)","decl":{"start":{"line":132,"column":8},"end":{"line":132,"column":24}},"loc":{"start":{"line":132,"column":43},"end":{"line":141,"column":null}},"line":132},"11":{"name":"(anonymous_11)","decl":{"start":{"line":145,"column":26},"end":{"line":145,"column":40}},"loc":{"start":{"line":145,"column":40},"end":{"line":155,"column":5}},"line":145},"12":{"name":"(anonymous_12)","decl":{"start":{"line":255,"column":31},"end":{"line":255,"column":40}},"loc":{"start":{"line":256,"column":18},"end":{"line":264,"column":null}},"line":256},"13":{"name":"(anonymous_13)","decl":{"start":{"line":256,"column":44},"end":{"line":256,"column":49}},"loc":{"start":{"line":257,"column":22},"end":{"line":263,"column":null}},"line":257},"14":{"name":"(anonymous_14)","decl":{"start":{"line":272,"column":41},"end":{"line":272,"column":46}},"loc":{"start":{"line":273,"column":18},"end":{"line":279,"column":null}},"line":273},"15":{"name":"(anonymous_15)","decl":{"start":{"line":305,"column":12},"end":{"line":305,"column":17}},"loc":{"start":{"line":306,"column":8},"end":{"line":351,"column":null}},"line":306},"16":{"name":"(anonymous_16)","decl":{"start":{"line":309,"column":10},"end":{"line":309,"column":20}},"loc":{"start":{"line":309,"column":26},"end":{"line":312,"column":null}},"line":309},"17":{"name":"(anonymous_17)","decl":{"start":{"line":313,"column":10},"end":{"line":313,"column":26}},"loc":{"start":{"line":313,"column":32},"end":{"line":316,"column":null}},"line":313},"18":{"name":"(anonymous_18)","decl":{"start":{"line":317,"column":10},"end":{"line":317,"column":30}},"loc":{"start":{"line":317,"column":30},"end":{"line":319,"column":null}},"line":317},"19":{"name":"(anonymous_19)","decl":{"start":{"line":325,"column":20},"end":{"line":325,"column":30}},"loc":{"start":{"line":325,"column":36},"end":{"line":328,"column":null}},"line":325},"20":{"name":"(anonymous_20)","decl":{"start":{"line":357,"column":13},"end":{"line":357,"column":50}},"loc":{"start":{"line":357,"column":50},"end":{"line":651,"column":null}},"line":357},"21":{"name":"(anonymous_21)","decl":{"start":{"line":366,"column":2},"end":{"line":366,"column":18}},"loc":{"start":{"line":366,"column":18},"end":{"line":374,"column":5}},"line":366},"22":{"name":"(anonymous_22)","decl":{"start":{"line":367,"column":22},"end":{"line":367,"column":34}},"loc":{"start":{"line":367,"column":34},"end":{"line":372,"column":null}},"line":367},"23":{"name":"(anonymous_23)","decl":{"start":{"line":376,"column":2},"end":{"line":376,"column":18}},"loc":{"start":{"line":376,"column":18},"end":{"line":384,"column":5}},"line":376},"24":{"name":"(anonymous_24)","decl":{"start":{"line":379,"column":23},"end":{"line":379,"column":41}},"loc":{"start":{"line":379,"column":41},"end":{"line":382,"column":9}},"line":379},"25":{"name":"(anonymous_25)","decl":{"start":{"line":383,"column":6},"end":{"line":383,"column":19}},"loc":{"start":{"line":383,"column":19},"end":{"line":383,"column":null}},"line":383},"26":{"name":"(anonymous_26)","decl":{"start":{"line":386,"column":8},"end":{"line":386,"column":26}},"loc":{"start":{"line":386,"column":43},"end":{"line":396,"column":null}},"line":386},"27":{"name":"(anonymous_27)","decl":{"start":{"line":398,"column":8},"end":{"line":398,"column":27}},"loc":{"start":{"line":398,"column":47},"end":{"line":410,"column":null}},"line":398},"28":{"name":"(anonymous_28)","decl":{"start":{"line":408,"column":36},"end":{"line":408,"column":43}},"loc":{"start":{"line":408,"column":48},"end":{"line":408,"column":64}},"line":408},"29":{"name":"(anonymous_29)","decl":{"start":{"line":412,"column":8},"end":{"line":412,"column":26}},"loc":{"start":{"line":412,"column":73},"end":{"line":425,"column":null}},"line":412},"30":{"name":"(anonymous_30)","decl":{"start":{"line":435,"column":16},"end":{"line":435,"column":31}},"loc":{"start":{"line":435,"column":31},"end":{"line":435,"column":null}},"line":435},"31":{"name":"(anonymous_31)","decl":{"start":{"line":441,"column":16},"end":{"line":441,"column":31}},"loc":{"start":{"line":441,"column":31},"end":{"line":441,"column":null}},"line":441},"32":{"name":"(anonymous_32)","decl":{"start":{"line":452,"column":16},"end":{"line":452,"column":27}},"loc":{"start":{"line":452,"column":33},"end":{"line":455,"column":null}},"line":452},"33":{"name":"(anonymous_33)","decl":{"start":{"line":485,"column":24},"end":{"line":485,"column":28}},"loc":{"start":{"line":485,"column":35},"end":{"line":528,"column":19}},"line":485},"34":{"name":"(anonymous_34)","decl":{"start":{"line":489,"column":28},"end":{"line":489,"column":47}},"loc":{"start":{"line":489,"column":64},"end":{"line":497,"column":null}},"line":489},"35":{"name":"(anonymous_35)","decl":{"start":{"line":502,"column":30},"end":{"line":502,"column":45}},"loc":{"start":{"line":502,"column":45},"end":{"line":502,"column":null}},"line":502},"36":{"name":"(anonymous_36)","decl":{"start":{"line":550,"column":121},"end":{"line":550,"column":135}},"loc":{"start":{"line":550,"column":143},"end":{"line":550,"column":177}},"line":550},"37":{"name":"(anonymous_37)","decl":{"start":{"line":591,"column":22},"end":{"line":591,"column":37}},"loc":{"start":{"line":591,"column":37},"end":{"line":591,"column":null}},"line":591},"38":{"name":"(anonymous_38)","decl":{"start":{"line":610,"column":61},"end":{"line":610,"column":66}},"loc":{"start":{"line":611,"column":34},"end":{"line":623,"column":null}},"line":611}},"branchMap":{"0":{"loc":{"start":{"line":33,"column":6},"end":{"line":33,"column":null}},"type":"if","locations":[{"start":{"line":33,"column":6},"end":{"line":33,"column":null}},{"start":{},"end":{}}],"line":33},"1":{"loc":{"start":{"line":33,"column":10},"end":{"line":33,"column":48}},"type":"binary-expr","locations":[{"start":{"line":33,"column":10},"end":{"line":33,"column":26}},{"start":{"line":33,"column":26},"end":{"line":33,"column":48}}],"line":33},"2":{"loc":{"start":{"line":35,"column":39},"end":{"line":35,"column":80}},"type":"binary-expr","locations":[{"start":{"line":35,"column":39},"end":{"line":35,"column":60}},{"start":{"line":35,"column":60},"end":{"line":35,"column":80}}],"line":35},"3":{"loc":{"start":{"line":36,"column":6},"end":{"line":36,"column":null}},"type":"if","locations":[{"start":{"line":36,"column":6},"end":{"line":36,"column":null}},{"start":{},"end":{}}],"line":36},"4":{"loc":{"start":{"line":42,"column":10},"end":{"line":42,"column":null}},"type":"if","locations":[{"start":{"line":42,"column":10},"end":{"line":42,"column":null}},{"start":{},"end":{}}],"line":42},"5":{"loc":{"start":{"line":46,"column":10},"end":{"line":49,"column":null}},"type":"if","locations":[{"start":{"line":46,"column":10},"end":{"line":49,"column":null}},{"start":{},"end":{}}],"line":46},"6":{"loc":{"start":{"line":52,"column":6},"end":{"line":52,"column":null}},"type":"if","locations":[{"start":{"line":52,"column":6},"end":{"line":52,"column":null}},{"start":{},"end":{}}],"line":52},"7":{"loc":{"start":{"line":58,"column":4},"end":{"line":100,"column":null}},"type":"if","locations":[{"start":{"line":58,"column":4},"end":{"line":100,"column":null}},{"start":{"line":96,"column":11},"end":{"line":100,"column":null}}],"line":58},"8":{"loc":{"start":{"line":59,"column":6},"end":{"line":59,"column":null}},"type":"if","locations":[{"start":{"line":59,"column":6},"end":{"line":59,"column":null}},{"start":{},"end":{}}],"line":59},"9":{"loc":{"start":{"line":60,"column":6},"end":{"line":60,"column":null}},"type":"if","locations":[{"start":{"line":60,"column":6},"end":{"line":60,"column":null}},{"start":{},"end":{}}],"line":60},"10":{"loc":{"start":{"line":61,"column":6},"end":{"line":64,"column":null}},"type":"if","locations":[{"start":{"line":61,"column":6},"end":{"line":64,"column":null}},{"start":{},"end":{}}],"line":61},"11":{"loc":{"start":{"line":67,"column":6},"end":{"line":80,"column":null}},"type":"if","locations":[{"start":{"line":67,"column":6},"end":{"line":80,"column":null}},{"start":{},"end":{}}],"line":67},"12":{"loc":{"start":{"line":67,"column":10},"end":{"line":67,"column":47}},"type":"binary-expr","locations":[{"start":{"line":67,"column":10},"end":{"line":67,"column":25}},{"start":{"line":67,"column":25},"end":{"line":67,"column":47}}],"line":67},"13":{"loc":{"start":{"line":83,"column":6},"end":{"line":95,"column":null}},"type":"if","locations":[{"start":{"line":83,"column":6},"end":{"line":95,"column":null}},{"start":{},"end":{}}],"line":83},"14":{"loc":{"start":{"line":83,"column":10},"end":{"line":83,"column":42}},"type":"binary-expr","locations":[{"start":{"line":83,"column":10},"end":{"line":83,"column":21}},{"start":{"line":83,"column":21},"end":{"line":83,"column":42}}],"line":83},"15":{"loc":{"start":{"line":86,"column":14},"end":{"line":86,"column":null}},"type":"if","locations":[{"start":{"line":86,"column":14},"end":{"line":86,"column":null}},{"start":{},"end":{}}],"line":86},"16":{"loc":{"start":{"line":98,"column":8},"end":{"line":98,"column":null}},"type":"if","locations":[{"start":{"line":98,"column":8},"end":{"line":98,"column":null}},{"start":{},"end":{}}],"line":98},"17":{"loc":{"start":{"line":99,"column":8},"end":{"line":99,"column":null}},"type":"if","locations":[{"start":{"line":99,"column":8},"end":{"line":99,"column":null}},{"start":{},"end":{}}],"line":99},"18":{"loc":{"start":{"line":106,"column":6},"end":{"line":114,"column":null}},"type":"switch","locations":[{"start":{"line":107,"column":10},"end":{"line":107,"column":null}},{"start":{"line":108,"column":10},"end":{"line":108,"column":null}},{"start":{"line":109,"column":10},"end":{"line":109,"column":null}},{"start":{"line":110,"column":10},"end":{"line":110,"column":null}},{"start":{"line":111,"column":10},"end":{"line":111,"column":null}},{"start":{"line":112,"column":10},"end":{"line":112,"column":null}},{"start":{"line":113,"column":10},"end":{"line":113,"column":null}}],"line":106},"19":{"loc":{"start":{"line":118,"column":4},"end":{"line":124,"column":null}},"type":"switch","locations":[{"start":{"line":119,"column":8},"end":{"line":119,"column":null}},{"start":{"line":120,"column":8},"end":{"line":120,"column":null}},{"start":{"line":121,"column":8},"end":{"line":121,"column":null}},{"start":{"line":122,"column":8},"end":{"line":122,"column":null}},{"start":{"line":123,"column":8},"end":{"line":123,"column":null}}],"line":118},"20":{"loc":{"start":{"line":128,"column":45},"end":{"line":128,"column":94}},"type":"binary-expr","locations":[{"start":{"line":128,"column":45},"end":{"line":128,"column":68}},{"start":{"line":128,"column":68},"end":{"line":128,"column":94}}],"line":128},"21":{"loc":{"start":{"line":129,"column":13},"end":{"line":129,"column":null}},"type":"cond-expr","locations":[{"start":{"line":129,"column":23},"end":{"line":129,"column":49}},{"start":{"line":129,"column":49},"end":{"line":129,"column":null}}],"line":129},"22":{"loc":{"start":{"line":134,"column":6},"end":{"line":136,"column":null}},"type":"if","locations":[{"start":{"line":134,"column":6},"end":{"line":136,"column":null}},{"start":{},"end":{}}],"line":134},"23":{"loc":{"start":{"line":138,"column":6},"end":{"line":138,"column":null}},"type":"if","locations":[{"start":{"line":138,"column":6},"end":{"line":138,"column":null}},{"start":{},"end":{}}],"line":138},"24":{"loc":{"start":{"line":139,"column":6},"end":{"line":139,"column":null}},"type":"if","locations":[{"start":{"line":139,"column":6},"end":{"line":139,"column":null}},{"start":{},"end":{}}],"line":139},"25":{"loc":{"start":{"line":162,"column":34},"end":{"line":162,"column":93}},"type":"cond-expr","locations":[{"start":{"line":162,"column":48},"end":{"line":162,"column":60}},{"start":{"line":162,"column":60},"end":{"line":162,"column":93}}],"line":162},"26":{"loc":{"start":{"line":162,"column":60},"end":{"line":162,"column":93}},"type":"cond-expr","locations":[{"start":{"line":162,"column":70},"end":{"line":162,"column":82}},{"start":{"line":162,"column":82},"end":{"line":162,"column":93}}],"line":162},"27":{"loc":{"start":{"line":162,"column":122},"end":{"line":162,"column":142}},"type":"cond-expr","locations":[{"start":{"line":162,"column":132},"end":{"line":162,"column":139}},{"start":{"line":162,"column":139},"end":{"line":162,"column":142}}],"line":162},"28":{"loc":{"start":{"line":165,"column":7},"end":{"line":169,"column":null}},"type":"binary-expr","locations":[{"start":{"line":165,"column":7},"end":{"line":165,"column":null}},{"start":{"line":166,"column":8},"end":{"line":169,"column":null}}],"line":165},"29":{"loc":{"start":{"line":168,"column":41},"end":{"line":168,"column":78}},"type":"cond-expr","locations":[{"start":{"line":168,"column":55},"end":{"line":168,"column":67}},{"start":{"line":168,"column":67},"end":{"line":168,"column":78}}],"line":168},"30":{"loc":{"start":{"line":180,"column":37},"end":{"line":180,"column":null}},"type":"cond-expr","locations":[{"start":{"line":180,"column":48},"end":{"line":180,"column":75}},{"start":{"line":180,"column":75},"end":{"line":180,"column":null}}],"line":180},"31":{"loc":{"start":{"line":180,"column":48},"end":{"line":180,"column":75}},"type":"cond-expr","locations":[{"start":{"line":180,"column":62},"end":{"line":180,"column":68}},{"start":{"line":180,"column":68},"end":{"line":180,"column":75}}],"line":180},"32":{"loc":{"start":{"line":193,"column":37},"end":{"line":193,"column":null}},"type":"cond-expr","locations":[{"start":{"line":193,"column":48},"end":{"line":193,"column":75}},{"start":{"line":193,"column":75},"end":{"line":193,"column":null}}],"line":193},"33":{"loc":{"start":{"line":193,"column":48},"end":{"line":193,"column":75}},"type":"cond-expr","locations":[{"start":{"line":193,"column":62},"end":{"line":193,"column":68}},{"start":{"line":193,"column":68},"end":{"line":193,"column":75}}],"line":193},"34":{"loc":{"start":{"line":206,"column":37},"end":{"line":206,"column":null}},"type":"cond-expr","locations":[{"start":{"line":206,"column":48},"end":{"line":206,"column":75}},{"start":{"line":206,"column":75},"end":{"line":206,"column":null}}],"line":206},"35":{"loc":{"start":{"line":206,"column":48},"end":{"line":206,"column":75}},"type":"cond-expr","locations":[{"start":{"line":206,"column":62},"end":{"line":206,"column":68}},{"start":{"line":206,"column":68},"end":{"line":206,"column":75}}],"line":206},"36":{"loc":{"start":{"line":219,"column":37},"end":{"line":219,"column":null}},"type":"cond-expr","locations":[{"start":{"line":219,"column":48},"end":{"line":219,"column":75}},{"start":{"line":219,"column":75},"end":{"line":219,"column":null}}],"line":219},"37":{"loc":{"start":{"line":219,"column":48},"end":{"line":219,"column":75}},"type":"cond-expr","locations":[{"start":{"line":219,"column":62},"end":{"line":219,"column":68}},{"start":{"line":219,"column":68},"end":{"line":219,"column":75}}],"line":219},"38":{"loc":{"start":{"line":230,"column":37},"end":{"line":230,"column":96}},"type":"cond-expr","locations":[{"start":{"line":230,"column":51},"end":{"line":230,"column":63}},{"start":{"line":230,"column":63},"end":{"line":230,"column":96}}],"line":230},"39":{"loc":{"start":{"line":230,"column":63},"end":{"line":230,"column":96}},"type":"cond-expr","locations":[{"start":{"line":230,"column":73},"end":{"line":230,"column":85}},{"start":{"line":230,"column":85},"end":{"line":230,"column":96}}],"line":230},"40":{"loc":{"start":{"line":230,"column":125},"end":{"line":230,"column":144}},"type":"cond-expr","locations":[{"start":{"line":230,"column":135},"end":{"line":230,"column":141}},{"start":{"line":230,"column":141},"end":{"line":230,"column":144}}],"line":230},"41":{"loc":{"start":{"line":230,"column":176},"end":{"line":230,"column":235}},"type":"cond-expr","locations":[{"start":{"line":230,"column":190},"end":{"line":230,"column":202}},{"start":{"line":230,"column":202},"end":{"line":230,"column":235}}],"line":230},"42":{"loc":{"start":{"line":230,"column":202},"end":{"line":230,"column":235}},"type":"cond-expr","locations":[{"start":{"line":230,"column":212},"end":{"line":230,"column":224}},{"start":{"line":230,"column":224},"end":{"line":230,"column":235}}],"line":230},"43":{"loc":{"start":{"line":230,"column":254},"end":{"line":230,"column":274}},"type":"cond-expr","locations":[{"start":{"line":230,"column":264},"end":{"line":230,"column":270}},{"start":{"line":230,"column":270},"end":{"line":230,"column":274}}],"line":230},"44":{"loc":{"start":{"line":236,"column":37},"end":{"line":236,"column":96}},"type":"cond-expr","locations":[{"start":{"line":236,"column":51},"end":{"line":236,"column":63}},{"start":{"line":236,"column":63},"end":{"line":236,"column":96}}],"line":236},"45":{"loc":{"start":{"line":236,"column":63},"end":{"line":236,"column":96}},"type":"cond-expr","locations":[{"start":{"line":236,"column":73},"end":{"line":236,"column":85}},{"start":{"line":236,"column":85},"end":{"line":236,"column":96}}],"line":236},"46":{"loc":{"start":{"line":236,"column":125},"end":{"line":236,"column":144}},"type":"cond-expr","locations":[{"start":{"line":236,"column":135},"end":{"line":236,"column":141}},{"start":{"line":236,"column":141},"end":{"line":236,"column":144}}],"line":236},"47":{"loc":{"start":{"line":240,"column":7},"end":{"line":249,"column":null}},"type":"binary-expr","locations":[{"start":{"line":240,"column":7},"end":{"line":240,"column":18}},{"start":{"line":240,"column":18},"end":{"line":240,"column":null}},{"start":{"line":241,"column":8},"end":{"line":249,"column":null}}],"line":240},"48":{"loc":{"start":{"line":253,"column":7},"end":{"line":266,"column":null}},"type":"binary-expr","locations":[{"start":{"line":253,"column":7},"end":{"line":253,"column":18}},{"start":{"line":253,"column":18},"end":{"line":253,"column":null}},{"start":{"line":254,"column":10},"end":{"line":266,"column":null}}],"line":253},"49":{"loc":{"start":{"line":270,"column":7},"end":{"line":301,"column":null}},"type":"binary-expr","locations":[{"start":{"line":270,"column":7},"end":{"line":270,"column":18}},{"start":{"line":270,"column":18},"end":{"line":270,"column":null}},{"start":{"line":271,"column":10},"end":{"line":301,"column":null}}],"line":270},"50":{"loc":{"start":{"line":321,"column":35},"end":{"line":321,"column":57}},"type":"cond-expr","locations":[{"start":{"line":321,"column":45},"end":{"line":321,"column":52}},{"start":{"line":321,"column":52},"end":{"line":321,"column":57}}],"line":321},"51":{"loc":{"start":{"line":322,"column":124},"end":{"line":322,"column":146}},"type":"cond-expr","locations":[{"start":{"line":322,"column":134},"end":{"line":322,"column":140}},{"start":{"line":322,"column":140},"end":{"line":322,"column":146}}],"line":322},"52":{"loc":{"start":{"line":330,"column":31},"end":{"line":330,"column":null}},"type":"cond-expr","locations":[{"start":{"line":330,"column":41},"end":{"line":330,"column":69}},{"start":{"line":330,"column":69},"end":{"line":330,"column":null}}],"line":330},"53":{"loc":{"start":{"line":332,"column":36},"end":{"line":332,"column":null}},"type":"cond-expr","locations":[{"start":{"line":332,"column":46},"end":{"line":332,"column":70}},{"start":{"line":332,"column":70},"end":{"line":332,"column":null}}],"line":332},"54":{"loc":{"start":{"line":387,"column":6},"end":{"line":395,"column":null}},"type":"switch","locations":[{"start":{"line":388,"column":10},"end":{"line":388,"column":null}},{"start":{"line":389,"column":10},"end":{"line":389,"column":null}},{"start":{"line":390,"column":10},"end":{"line":390,"column":null}},{"start":{"line":391,"column":10},"end":{"line":391,"column":null}},{"start":{"line":392,"column":10},"end":{"line":392,"column":null}},{"start":{"line":393,"column":10},"end":{"line":393,"column":null}},{"start":{"line":394,"column":10},"end":{"line":394,"column":null}}],"line":387},"55":{"loc":{"start":{"line":401,"column":6},"end":{"line":406,"column":null}},"type":"if","locations":[{"start":{"line":401,"column":6},"end":{"line":406,"column":null}},{"start":{"line":402,"column":11},"end":{"line":406,"column":null}}],"line":401},"56":{"loc":{"start":{"line":402,"column":11},"end":{"line":406,"column":null}},"type":"if","locations":[{"start":{"line":402,"column":11},"end":{"line":406,"column":null}},{"start":{"line":403,"column":11},"end":{"line":406,"column":null}}],"line":402},"57":{"loc":{"start":{"line":403,"column":11},"end":{"line":406,"column":null}},"type":"if","locations":[{"start":{"line":403,"column":11},"end":{"line":406,"column":null}},{"start":{"line":404,"column":11},"end":{"line":406,"column":null}}],"line":403},"58":{"loc":{"start":{"line":403,"column":15},"end":{"line":403,"column":68}},"type":"binary-expr","locations":[{"start":{"line":403,"column":15},"end":{"line":403,"column":43}},{"start":{"line":403,"column":43},"end":{"line":403,"column":68}}],"line":403},"59":{"loc":{"start":{"line":404,"column":11},"end":{"line":406,"column":null}},"type":"if","locations":[{"start":{"line":404,"column":11},"end":{"line":406,"column":null}},{"start":{"line":405,"column":11},"end":{"line":406,"column":null}}],"line":404},"60":{"loc":{"start":{"line":404,"column":15},"end":{"line":404,"column":65}},"type":"binary-expr","locations":[{"start":{"line":404,"column":15},"end":{"line":404,"column":43}},{"start":{"line":404,"column":43},"end":{"line":404,"column":65}}],"line":404},"61":{"loc":{"start":{"line":405,"column":11},"end":{"line":406,"column":null}},"type":"if","locations":[{"start":{"line":405,"column":11},"end":{"line":406,"column":null}},{"start":{"line":406,"column":11},"end":{"line":406,"column":null}}],"line":405},"62":{"loc":{"start":{"line":409,"column":13},"end":{"line":409,"column":null}},"type":"cond-expr","locations":[{"start":{"line":409,"column":34},"end":{"line":409,"column":44}},{"start":{"line":409,"column":44},"end":{"line":409,"column":null}}],"line":409},"63":{"loc":{"start":{"line":413,"column":6},"end":{"line":413,"column":null}},"type":"if","locations":[{"start":{"line":413,"column":6},"end":{"line":413,"column":null}},{"start":{},"end":{}}],"line":413},"64":{"loc":{"start":{"line":414,"column":6},"end":{"line":418,"column":null}},"type":"if","locations":[{"start":{"line":414,"column":6},"end":{"line":418,"column":null}},{"start":{},"end":{}}],"line":414},"65":{"loc":{"start":{"line":415,"column":10},"end":{"line":415,"column":null}},"type":"if","locations":[{"start":{"line":415,"column":10},"end":{"line":415,"column":null}},{"start":{},"end":{}}],"line":415},"66":{"loc":{"start":{"line":416,"column":10},"end":{"line":416,"column":null}},"type":"if","locations":[{"start":{"line":416,"column":10},"end":{"line":416,"column":null}},{"start":{},"end":{}}],"line":416},"67":{"loc":{"start":{"line":419,"column":6},"end":{"line":423,"column":null}},"type":"if","locations":[{"start":{"line":419,"column":6},"end":{"line":423,"column":null}},{"start":{},"end":{}}],"line":419},"68":{"loc":{"start":{"line":420,"column":10},"end":{"line":420,"column":null}},"type":"if","locations":[{"start":{"line":420,"column":10},"end":{"line":420,"column":null}},{"start":{},"end":{}}],"line":420},"69":{"loc":{"start":{"line":421,"column":10},"end":{"line":421,"column":null}},"type":"if","locations":[{"start":{"line":421,"column":10},"end":{"line":421,"column":null}},{"start":{},"end":{}}],"line":421},"70":{"loc":{"start":{"line":428,"column":83},"end":{"line":428,"column":141}},"type":"cond-expr","locations":[{"start":{"line":428,"column":106},"end":{"line":428,"column":130}},{"start":{"line":428,"column":130},"end":{"line":428,"column":141}}],"line":428},"71":{"loc":{"start":{"line":436,"column":99},"end":{"line":436,"column":163}},"type":"cond-expr","locations":[{"start":{"line":436,"column":122},"end":{"line":436,"column":148}},{"start":{"line":436,"column":148},"end":{"line":436,"column":163}}],"line":436},"72":{"loc":{"start":{"line":442,"column":99},"end":{"line":442,"column":167}},"type":"cond-expr","locations":[{"start":{"line":442,"column":126},"end":{"line":442,"column":152}},{"start":{"line":442,"column":152},"end":{"line":442,"column":167}}],"line":442},"73":{"loc":{"start":{"line":466,"column":7},"end":{"line":469,"column":null}},"type":"binary-expr","locations":[{"start":{"line":466,"column":7},"end":{"line":466,"column":null}},{"start":{"line":467,"column":10},"end":{"line":469,"column":null}}],"line":466},"74":{"loc":{"start":{"line":474,"column":11},"end":{"line":559,"column":null}},"type":"cond-expr","locations":[{"start":{"line":475,"column":14},"end":{"line":531,"column":15}},{"start":{"line":531,"column":14},"end":{"line":559,"column":null}}],"line":474},"75":{"loc":{"start":{"line":490,"column":24},"end":{"line":496,"column":null}},"type":"switch","locations":[{"start":{"line":491,"column":28},"end":{"line":491,"column":null}},{"start":{"line":492,"column":28},"end":{"line":492,"column":null}},{"start":{"line":493,"column":28},"end":{"line":493,"column":null}},{"start":{"line":494,"column":28},"end":{"line":494,"column":null}},{"start":{"line":495,"column":28},"end":{"line":495,"column":null}}],"line":490},"76":{"loc":{"start":{"line":564,"column":7},"end":{"line":647,"column":null}},"type":"binary-expr","locations":[{"start":{"line":564,"column":7},"end":{"line":564,"column":null}},{"start":{"line":565,"column":10},"end":{"line":647,"column":null}}],"line":564},"77":{"loc":{"start":{"line":608,"column":23},"end":{"line":629,"column":null}},"type":"cond-expr","locations":[{"start":{"line":609,"column":26},"end":{"line":627,"column":27}},{"start":{"line":627,"column":26},"end":{"line":629,"column":null}}],"line":608},"78":{"loc":{"start":{"line":614,"column":115},"end":{"line":614,"column":207}},"type":"cond-expr","locations":[{"start":{"line":614,"column":144},"end":{"line":614,"column":150}},{"start":{"line":614,"column":150},"end":{"line":614,"column":207}}],"line":614},"79":{"loc":{"start":{"line":614,"column":150},"end":{"line":614,"column":207}},"type":"cond-expr","locations":[{"start":{"line":614,"column":180},"end":{"line":614,"column":190}},{"start":{"line":614,"column":190},"end":{"line":614,"column":207}}],"line":614},"80":{"loc":{"start":{"line":619,"column":56},"end":{"line":619,"column":115}},"type":"cond-expr","locations":[{"start":{"line":619,"column":86},"end":{"line":619,"column":111}},{"start":{"line":619,"column":111},"end":{"line":619,"column":115}}],"line":619},"81":{"loc":{"start":{"line":635,"column":27},"end":{"line":642,"column":null}},"type":"cond-expr","locations":[{"start":{"line":636,"column":30},"end":{"line":636,"column":null}},{"start":{"line":637,"column":30},"end":{"line":642,"column":null}}],"line":635},"82":{"loc":{"start":{"line":635,"column":27},"end":{"line":635,"column":null}},"type":"binary-expr","locations":[{"start":{"line":635,"column":27},"end":{"line":635,"column":59}},{"start":{"line":635,"column":59},"end":{"line":635,"column":null}}],"line":635},"83":{"loc":{"start":{"line":637,"column":30},"end":{"line":642,"column":null}},"type":"cond-expr","locations":[{"start":{"line":638,"column":30},"end":{"line":638,"column":null}},{"start":{"line":639,"column":30},"end":{"line":642,"column":null}}],"line":637},"84":{"loc":{"start":{"line":639,"column":30},"end":{"line":642,"column":null}},"type":"cond-expr","locations":[{"start":{"line":640,"column":30},"end":{"line":640,"column":null}},{"start":{"line":642,"column":30},"end":{"line":642,"column":null}}],"line":639}},"s":{"0":1,"1":1,"2":0,"3":0,"4":0,"5":0,"6":0,"7":0,"8":0,"9":0,"10":0,"11":0,"12":0,"13":0,"14":0,"15":0,"16":0,"17":0,"18":0,"19":0,"20":0,"21":0,"22":0,"23":0,"24":0,"25":0,"26":0,"27":0,"28":0,"29":0,"30":0,"31":0,"32":0,"33":0,"34":0,"35":0,"36":0,"37":0,"38":0,"39":0,"40":0,"41":0,"42":0,"43":0,"44":0,"45":0,"46":0,"47":0,"48":0,"49":0,"50":0,"51":0,"52":0,"53":0,"54":0,"55":0,"56":0,"57":0,"58":0,"59":0,"60":0,"61":0,"62":0,"63":0,"64":0,"65":0,"66":0,"67":0,"68":0,"69":0,"70":0,"71":0,"72":0,"73":0,"74":0,"75":0,"76":0,"77":0,"78":0,"79":0,"80":0,"81":0,"82":0,"83":0,"84":0,"85":0,"86":0,"87":0,"88":0,"89":0,"90":0,"91":0,"92":0,"93":0,"94":0,"95":0,"96":0,"97":0,"98":0,"99":0,"100":0,"101":0,"102":0,"103":0,"104":0,"105":0,"106":0,"107":0,"108":0,"109":0,"110":0,"111":0,"112":0,"113":0,"114":0,"115":0,"116":1,"117":4,"118":4,"119":4,"120":4,"121":4,"122":4,"123":4,"124":4,"125":2,"126":2,"127":2,"128":1,"129":1,"130":2,"131":4,"132":2,"133":2,"134":2,"135":0,"136":0,"137":2,"138":2,"139":4,"140":0,"141":0,"142":0,"143":0,"144":0,"145":0,"146":0,"147":0,"148":4,"149":0,"150":0,"151":0,"152":0,"153":0,"154":0,"155":0,"156":0,"157":0,"158":0,"159":0,"160":0,"161":0,"162":0,"163":0,"164":0,"165":4,"166":0,"167":0,"168":0,"169":0,"170":0,"171":0,"172":0,"173":0,"174":0,"175":0,"176":0,"177":0,"178":0,"179":0,"180":0,"181":4,"182":0,"183":0,"184":0,"185":0,"186":0,"187":0,"188":0,"189":0,"190":0,"191":0,"192":0,"193":0,"194":0,"195":0,"196":0,"197":0,"198":0,"199":0},"f":{"0":0,"1":0,"2":0,"3":0,"4":0,"5":0,"6":0,"7":0,"8":0,"9":0,"10":0,"11":0,"12":0,"13":0,"14":0,"15":0,"16":0,"17":0,"18":0,"19":0,"20":4,"21":2,"22":2,"23":2,"24":0,"25":2,"26":0,"27":0,"28":0,"29":0,"30":0,"31":0,"32":0,"33":0,"34":0,"35":0,"36":0,"37":0,"38":0},"b":{"0":[0,0],"1":[0,0],"2":[0,0],"3":[0,0],"4":[0,0],"5":[0,0],"6":[0,0],"7":[0,0],"8":[0,0],"9":[0,0],"10":[0,0],"11":[0,0],"12":[0,0],"13":[0,0],"14":[0,0],"15":[0,0],"16":[0,0],"17":[0,0],"18":[0,0,0,0,0,0,0],"19":[0,0,0,0,0],"20":[0,0],"21":[0,0],"22":[0,0],"23":[0,0],"24":[0,0],"25":[0,0],"26":[0,0],"27":[0,0],"28":[0,0],"29":[0,0],"30":[0,0],"31":[0,0],"32":[0,0],"33":[0,0],"34":[0,0],"35":[0,0],"36":[0,0],"37":[0,0],"38":[0,0],"39":[0,0],"40":[0,0],"41":[0,0],"42":[0,0],"43":[0,0],"44":[0,0],"45":[0,0],"46":[0,0],"47":[0,0,0],"48":[0,0,0],"49":[0,0,0],"50":[0,0],"51":[0,0],"52":[0,0],"53":[0,0],"54":[0,0,0,0,0,0,0],"55":[0,0],"56":[0,0],"57":[0,0],"58":[0,0],"59":[0,0],"60":[0,0],"61":[0,0],"62":[0,0],"63":[0,0],"64":[0,0],"65":[0,0],"66":[0,0],"67":[0,0],"68":[0,0],"69":[0,0],"70":[4,0],"71":[4,0],"72":[0,4],"73":[4,2],"74":[0,4],"75":[0,0,0,0,0],"76":[4,0],"77":[0,0],"78":[0,0],"79":[0,0],"80":[0,0],"81":[0,0],"82":[0,0],"83":[0,0],"84":[0,0]},"meta":{"lastBranch":85,"lastFunction":39,"lastStatement":200,"seen":{"s:9:24:14:Infinity":0,"s:25:6:355:Infinity":1,"f:25:6:25:50":0,"s:26:23:26:Infinity":2,"s:27:23:27:Infinity":3,"s:28:23:28:Infinity":4,"s:29:23:29:Infinity":5,"s:30:22:30:Infinity":6,"s:32:18:54:Infinity":7,"f:32:24:32:38":1,"b:33:6:33:Infinity:undefined:undefined:undefined:undefined":0,"s:33:6:33:Infinity":8,"b:33:10:33:26:33:26:33:48":1,"s:33:48:33:Infinity":9,"s:35:22:35:Infinity":10,"f:35:27:35:34":2,"s:35:39:35:80":11,"b:35:39:35:60:35:60:35:80":2,"b:36:6:36:Infinity:undefined:undefined:undefined:undefined":3,"s:36:6:36:Infinity":12,"s:36:32:36:Infinity":13,"s:38:20:38:Infinity":14,"s:39:20:39:Infinity":15,"s:41:6:50:Infinity":16,"b:42:10:42:Infinity:undefined:undefined:undefined:undefined":4,"s:42:10:42:Infinity":17,"s:42:39:42:Infinity":18,"s:43:21:43:Infinity":19,"s:44:21:44:Infinity":20,"s:45:23:45:Infinity":21,"b:46:10:49:Infinity:undefined:undefined:undefined:undefined":5,"s:46:10:49:Infinity":22,"s:47:14:47:Infinity":23,"s:48:14:48:Infinity":24,"b:52:6:52:Infinity:undefined:undefined:undefined:undefined":6,"s:52:6:52:Infinity":25,"s:52:32:52:Infinity":26,"s:53:6:53:Infinity":27,"s:57:2:101:Infinity":28,"f:57:2:57:12":3,"b:58:4:100:Infinity:96:11:100:Infinity":7,"s:58:4:100:Infinity":29,"b:59:6:59:Infinity:undefined:undefined:undefined:undefined":8,"s:59:6:59:Infinity":30,"s:59:32:59:Infinity":31,"b:60:6:60:Infinity:undefined:undefined:undefined:undefined":9,"s:60:6:60:Infinity":32,"s:60:32:60:Infinity":33,"b:61:6:64:Infinity:undefined:undefined:undefined:undefined":10,"s:61:6:64:Infinity":34,"s:62:10:62:Infinity":35,"s:63:10:63:Infinity":36,"b:67:6:80:Infinity:undefined:undefined:undefined:undefined":11,"s:67:6:80:Infinity":37,"b:67:10:67:25:67:25:67:47":12,"s:68:20:68:Infinity":38,"s:69:10:79:Infinity":39,"f:69:40:69:49":4,"s:70:30:70:Infinity":40,"s:71:20:71:Infinity":41,"s:73:28:73:Infinity":42,"s:74:26:74:Infinity":43,"s:76:14:76:Infinity":44,"s:77:14:77:Infinity":45,"s:78:14:78:Infinity":46,"b:83:6:95:Infinity:undefined:undefined:undefined:undefined":13,"s:83:6:95:Infinity":47,"b:83:10:83:21:83:21:83:42":14,"s:84:20:84:Infinity":48,"s:85:10:94:Infinity":49,"f:85:39:85:48":5,"b:86:14:86:Infinity:undefined:undefined:undefined:undefined":15,"s:86:14:86:Infinity":50,"s:86:41:86:Infinity":51,"s:87:30:87:Infinity":52,"s:88:20:88:Infinity":53,"s:89:28:89:Infinity":54,"s:90:26:90:Infinity":55,"s:91:14:91:Infinity":56,"s:92:14:92:Infinity":57,"s:93:14:93:Infinity":58,"b:98:8:98:Infinity:undefined:undefined:undefined:undefined":16,"s:98:8:98:Infinity":59,"s:98:34:98:Infinity":60,"b:99:8:99:Infinity:undefined:undefined:undefined:undefined":17,"s:99:8:99:Infinity":61,"s:99:34:99:Infinity":62,"s:103:18:103:Infinity":63,"s:105:8:115:Infinity":64,"f:105:8:105:26":6,"b:107:10:107:Infinity:108:10:108:Infinity:109:10:109:Infinity:110:10:110:Infinity:111:10:111:Infinity:112:10:112:Infinity:113:10:113:Infinity":18,"s:106:6:114:Infinity":65,"s:107:24:107:Infinity":66,"s:108:23:108:Infinity":67,"s:109:27:109:Infinity":68,"s:110:26:110:Infinity":69,"s:111:26:111:Infinity":70,"s:112:26:112:Infinity":71,"s:113:19:113:Infinity":72,"s:117:8:125:Infinity":73,"f:117:8:117:27":7,"b:119:8:119:Infinity:120:8:120:Infinity:121:8:121:Infinity:122:8:122:Infinity:123:8:123:Infinity":19,"s:118:4:124:Infinity":74,"s:119:22:119:Infinity":75,"s:120:21:120:Infinity":76,"s:121:24:121:Infinity":77,"s:122:24:122:Infinity":78,"s:123:17:123:Infinity":79,"s:127:8:130:Infinity":80,"f:127:8:127:29":8,"s:128:21:128:Infinity":81,"f:128:35:128:40":9,"s:128:45:128:94":82,"b:128:45:128:68:128:68:128:94":20,"s:129:6:129:Infinity":83,"b:129:23:129:49:129:49:129:Infinity":21,"s:132:8:141:Infinity":84,"f:132:8:132:24":10,"b:134:6:136:Infinity:undefined:undefined:undefined:undefined":22,"s:134:6:136:Infinity":85,"s:135:10:135:Infinity":86,"s:137:22:137:Infinity":87,"b:138:6:138:Infinity:undefined:undefined:undefined:undefined":23,"s:138:6:138:Infinity":88,"s:138:24:138:Infinity":89,"b:139:6:139:Infinity:undefined:undefined:undefined:undefined":24,"s:139:6:139:Infinity":90,"s:139:24:139:Infinity":91,"s:140:6:140:Infinity":92,"s:144:24:144:Infinity":93,"s:145:20:155:Infinity":94,"f:145:26:145:40":11,"s:146:16:146:Infinity":95,"s:147:4:153:Infinity":96,"s:147:17:147:20":97,"s:148:20:148:Infinity":98,"s:149:21:149:Infinity":99,"s:150:6:150:Infinity":100,"s:151:6:151:Infinity":101,"s:152:6:152:Infinity":102,"s:154:4:154:Infinity":103,"s:157:2:353:Infinity":104,"b:162:48:162:60:162:60:162:93":25,"b:162:70:162:82:162:82:162:93":26,"b:162:132:162:139:162:139:162:142":27,"b:165:7:165:Infinity:166:8:169:Infinity":28,"b:168:55:168:67:168:67:168:78":29,"b:180:48:180:75:180:75:180:Infinity":30,"b:180:62:180:68:180:68:180:75":31,"b:193:48:193:75:193:75:193:Infinity":32,"b:193:62:193:68:193:68:193:75":33,"b:206:48:206:75:206:75:206:Infinity":34,"b:206:62:206:68:206:68:206:75":35,"b:219:48:219:75:219:75:219:Infinity":36,"b:219:62:219:68:219:68:219:75":37,"b:230:51:230:63:230:63:230:96":38,"b:230:73:230:85:230:85:230:96":39,"b:230:135:230:141:230:141:230:144":40,"b:230:190:230:202:230:202:230:235":41,"b:230:212:230:224:230:224:230:235":42,"b:230:264:230:270:230:270:230:274":43,"b:236:51:236:63:236:63:236:96":44,"b:236:73:236:85:236:85:236:96":45,"b:236:135:236:141:236:141:236:144":46,"b:240:7:240:18:240:18:240:Infinity:241:8:249:Infinity":47,"b:253:7:253:18:253:18:253:Infinity:254:10:266:Infinity":48,"f:255:31:255:40":12,"s:256:18:264:Infinity":105,"f:256:44:256:49":13,"s:257:22:263:Infinity":106,"b:270:7:270:18:270:18:270:Infinity:271:10:301:Infinity":49,"f:272:41:272:46":14,"s:273:18:279:Infinity":107,"f:305:12:305:17":15,"s:306:8:351:Infinity":108,"f:309:10:309:20":16,"s:310:14:310:Infinity":109,"s:311:14:311:Infinity":110,"f:313:10:313:26":17,"s:314:14:314:Infinity":111,"s:315:14:315:Infinity":112,"f:317:10:317:30":18,"s:318:14:318:Infinity":113,"b:321:45:321:52:321:52:321:57":50,"b:322:134:322:140:322:140:322:146":51,"f:325:20:325:30":19,"s:326:24:326:Infinity":114,"s:327:24:327:Infinity":115,"b:330:41:330:69:330:69:330:Infinity":52,"b:332:46:332:70:332:70:332:Infinity":53,"s:357:13:651:Infinity":116,"f:357:13:357:50":20,"s:358:34:358:Infinity":117,"s:359:32:359:Infinity":118,"s:360:26:360:Infinity":119,"s:361:32:361:Infinity":120,"s:362:44:362:Infinity":121,"s:363:40:363:Infinity":122,"s:364:40:364:Infinity":123,"s:366:2:374:Infinity":124,"f:366:2:366:18":21,"s:367:22:372:Infinity":125,"f:367:22:367:34":22,"s:368:10:368:Infinity":126,"s:369:23:369:Infinity":127,"s:370:10:370:Infinity":128,"s:371:10:371:Infinity":129,"s:373:6:373:Infinity":130,"s:376:2:384:Infinity":131,"f:376:2:376:18":23,"s:377:6:377:Infinity":132,"s:378:6:378:Infinity":133,"s:379:23:382:Infinity":134,"f:379:23:379:41":24,"s:380:10:380:Infinity":135,"s:381:10:381:Infinity":136,"s:383:6:383:Infinity":137,"f:383:6:383:19":25,"s:383:19:383:Infinity":138,"s:386:8:396:Infinity":139,"f:386:8:386:26":26,"b:388:10:388:Infinity:389:10:389:Infinity:390:10:390:Infinity:391:10:391:Infinity:392:10:392:Infinity:393:10:393:Infinity:394:10:394:Infinity":54,"s:387:6:395:Infinity":140,"s:388:24:388:Infinity":141,"s:389:23:389:Infinity":142,"s:390:27:390:Infinity":143,"s:391:26:391:Infinity":144,"s:392:26:392:Infinity":145,"s:393:26:393:Infinity":146,"s:394:19:394:Infinity":147,"s:398:8:410:Infinity":148,"f:398:8:398:27":27,"s:399:19:399:Infinity":149,"s:400:16:400:Infinity":150,"b:401:6:406:Infinity:402:11:406:Infinity":55,"s:401:6:406:Infinity":151,"s:401:34:401:Infinity":152,"b:402:11:406:Infinity:403:11:406:Infinity":56,"s:402:11:406:Infinity":153,"s:402:39:402:Infinity":154,"b:403:11:406:Infinity:404:11:406:Infinity":57,"s:403:11:406:Infinity":155,"b:403:15:403:43:403:43:403:68":58,"s:403:68:403:Infinity":156,"b:404:11:406:Infinity:405:11:406:Infinity":59,"s:404:11:406:Infinity":157,"b:404:15:404:43:404:43:404:65":60,"s:404:65:404:Infinity":158,"b:405:11:406:Infinity:406:11:406:Infinity":61,"s:405:11:406:Infinity":159,"s:405:45:405:Infinity":160,"s:406:11:406:Infinity":161,"s:408:22:408:Infinity":162,"f:408:36:408:43":28,"s:408:48:408:64":163,"s:409:6:409:Infinity":164,"b:409:34:409:44:409:44:409:Infinity":62,"s:412:8:425:Infinity":165,"f:412:8:412:26":29,"b:413:6:413:Infinity:undefined:undefined:undefined:undefined":63,"s:413:6:413:Infinity":166,"s:413:37:413:Infinity":167,"b:414:6:418:Infinity:undefined:undefined:undefined:undefined":64,"s:414:6:418:Infinity":168,"b:415:10:415:Infinity:undefined:undefined:undefined:undefined":65,"s:415:10:415:Infinity":169,"s:415:26:415:Infinity":170,"b:416:10:416:Infinity:undefined:undefined:undefined:undefined":66,"s:416:10:416:Infinity":171,"s:416:26:416:Infinity":172,"s:417:10:417:Infinity":173,"b:419:6:423:Infinity:undefined:undefined:undefined:undefined":67,"s:419:6:423:Infinity":174,"b:420:10:420:Infinity:undefined:undefined:undefined:undefined":68,"s:420:10:420:Infinity":175,"s:420:26:420:Infinity":176,"b:421:10:421:Infinity:undefined:undefined:undefined:undefined":69,"s:421:10:421:Infinity":177,"s:421:25:421:Infinity":178,"s:422:10:422:Infinity":179,"s:424:6:424:Infinity":180,"s:427:2:649:Infinity":181,"b:428:106:428:130:428:130:428:141":70,"f:435:16:435:31":30,"s:435:31:435:Infinity":182,"b:436:122:436:148:436:148:436:163":71,"f:441:16:441:31":31,"s:441:31:441:Infinity":183,"b:442:126:442:152:442:152:442:167":72,"f:452:16:452:27":32,"s:453:20:453:Infinity":184,"s:454:20:454:Infinity":185,"b:466:7:466:Infinity:467:10:469:Infinity":73,"b:475:14:531:15:531:14:559:Infinity":74,"f:485:24:485:28":33,"s:486:28:486:Infinity":186,"s:487:28:487:Infinity":187,"s:489:28:497:Infinity":188,"f:489:28:489:47":34,"b:491:28:491:Infinity:492:28:492:Infinity:493:28:493:Infinity:494:28:494:Infinity:495:28:495:Infinity":75,"s:490:24:496:Infinity":189,"s:491:42:491:Infinity":190,"s:492:41:492:Infinity":191,"s:493:44:493:Infinity":192,"s:494:44:494:Infinity":193,"s:495:37:495:Infinity":194,"s:499:22:526:Infinity":195,"f:502:30:502:45":35,"s:502:45:502:Infinity":196,"f:550:121:550:135":36,"s:550:143:550:177":197,"b:564:7:564:Infinity:565:10:647:Infinity":76,"f:591:22:591:37":37,"s:591:37:591:Infinity":198,"b:609:26:627:27:627:26:629:Infinity":77,"f:610:61:610:66":38,"s:611:34:623:Infinity":199,"b:614:144:614:150:614:150:614:207":78,"b:614:180:614:190:614:190:614:207":79,"b:619:86:619:111:619:111:619:115":80,"b:636:30:636:Infinity:637:30:642:Infinity":81,"b:635:27:635:59:635:59:635:Infinity":82,"b:638:30:638:Infinity:639:30:642:Infinity":83,"b:640:30:640:Infinity:642:30:642:Infinity":84},"fnNames":{}}}
,"D:\\hack2skill\\ArenaMind-V2\\src\\components\\ScenarioStudio.tsx": {"path":"D:\\hack2skill\\ArenaMind-V2\\src\\components\\ScenarioStudio.tsx","statementMap":{"0":{"start":{"line":5,"column":25},"end":{"line":11,"column":null}},"1":{"start":{"line":13,"column":13},"end":{"line":154,"column":null}},"2":{"start":{"line":14,"column":48},"end":{"line":14,"column":null}},"3":{"start":{"line":15,"column":40},"end":{"line":15,"column":null}},"4":{"start":{"line":16,"column":34},"end":{"line":16,"column":null}},"5":{"start":{"line":17,"column":42},"end":{"line":17,"column":null}},"6":{"start":{"line":19,"column":40},"end":{"line":19,"column":null}},"7":{"start":{"line":21,"column":24},"end":{"line":60,"column":null}},"8":{"start":{"line":22,"column":8},"end":{"line":22,"column":null}},"9":{"start":{"line":23,"column":8},"end":{"line":23,"column":null}},"10":{"start":{"line":24,"column":8},"end":{"line":24,"column":null}},"11":{"start":{"line":24,"column":25},"end":{"line":24,"column":null}},"12":{"start":{"line":26,"column":8},"end":{"line":59,"column":null}},"13":{"start":{"line":27,"column":27},"end":{"line":27,"column":null}},"14":{"start":{"line":30,"column":12},"end":{"line":32,"column":null}},"15":{"start":{"line":31,"column":16},"end":{"line":31,"column":null}},"16":{"start":{"line":34,"column":12},"end":{"line":34,"column":null}},"17":{"start":{"line":36,"column":12},"end":{"line":36,"column":null}},"18":{"start":{"line":37,"column":12},"end":{"line":41,"column":null}},"19":{"start":{"line":39,"column":16},"end":{"line":39,"column":null}},"20":{"start":{"line":40,"column":16},"end":{"line":40,"column":null}},"21":{"start":{"line":43,"column":12},"end":{"line":55,"column":null}},"22":{"start":{"line":57,"column":12},"end":{"line":57,"column":null}},"23":{"start":{"line":58,"column":12},"end":{"line":58,"column":null}},"24":{"start":{"line":62,"column":4},"end":{"line":152,"column":null}},"25":{"start":{"line":76,"column":20},"end":{"line":91,"column":null}},"26":{"start":{"line":78,"column":39},"end":{"line":78,"column":null}},"27":{"start":{"line":108,"column":43},"end":{"line":108,"column":null}},"28":{"start":{"line":135,"column":68},"end":{"line":135,"column":120}},"29":{"start":{"line":144,"column":87},"end":{"line":144,"column":129}}},"fnMap":{"0":{"name":"(anonymous_0)","decl":{"start":{"line":13,"column":13},"end":{"line":13,"column":46}},"loc":{"start":{"line":13,"column":46},"end":{"line":154,"column":null}},"line":13},"1":{"name":"(anonymous_1)","decl":{"start":{"line":21,"column":24},"end":{"line":21,"column":31}},"loc":{"start":{"line":21,"column":63},"end":{"line":60,"column":null}},"line":21},"2":{"name":"(anonymous_2)","decl":{"start":{"line":75,"column":34},"end":{"line":75,"column":38}},"loc":{"start":{"line":76,"column":20},"end":{"line":91,"column":null}},"line":76},"3":{"name":"(anonymous_3)","decl":{"start":{"line":78,"column":24},"end":{"line":78,"column":39}},"loc":{"start":{"line":78,"column":39},"end":{"line":78,"column":null}},"line":78},"4":{"name":"(anonymous_4)","decl":{"start":{"line":108,"column":28},"end":{"line":108,"column":43}},"loc":{"start":{"line":108,"column":43},"end":{"line":108,"column":null}},"line":108},"5":{"name":"(anonymous_5)","decl":{"start":{"line":135,"column":54},"end":{"line":135,"column":59}},"loc":{"start":{"line":135,"column":68},"end":{"line":135,"column":120}},"line":135},"6":{"name":"(anonymous_6)","decl":{"start":{"line":144,"column":71},"end":{"line":144,"column":76}},"loc":{"start":{"line":144,"column":87},"end":{"line":144,"column":129}},"line":144}},"branchMap":{"0":{"loc":{"start":{"line":21,"column":47},"end":{"line":21,"column":63}},"type":"default-arg","locations":[{"start":{"line":21,"column":57},"end":{"line":21,"column":63}}],"line":21},"1":{"loc":{"start":{"line":24,"column":8},"end":{"line":24,"column":null}},"type":"if","locations":[{"start":{"line":24,"column":8},"end":{"line":24,"column":null}},{"start":{},"end":{}}],"line":24},"2":{"loc":{"start":{"line":30,"column":12},"end":{"line":32,"column":null}},"type":"if","locations":[{"start":{"line":30,"column":12},"end":{"line":32,"column":null}},{"start":{},"end":{}}],"line":30},"3":{"loc":{"start":{"line":37,"column":12},"end":{"line":41,"column":null}},"type":"if","locations":[{"start":{"line":37,"column":12},"end":{"line":41,"column":null}},{"start":{},"end":{}}],"line":37},"4":{"loc":{"start":{"line":84,"column":36},"end":{"line":84,"column":null}},"type":"cond-expr","locations":[{"start":{"line":84,"column":67},"end":{"line":84,"column":103}},{"start":{"line":84,"column":103},"end":{"line":84,"column":null}}],"line":84},"5":{"loc":{"start":{"line":85,"column":40},"end":{"line":85,"column":null}},"type":"cond-expr","locations":[{"start":{"line":85,"column":71},"end":{"line":85,"column":99}},{"start":{"line":85,"column":99},"end":{"line":85,"column":null}}],"line":85},"6":{"loc":{"start":{"line":95,"column":13},"end":{"line":100,"column":null}},"type":"binary-expr","locations":[{"start":{"line":95,"column":13},"end":{"line":95,"column":null}},{"start":{"line":96,"column":16},"end":{"line":100,"column":null}}],"line":95},"7":{"loc":{"start":{"line":98,"column":25},"end":{"line":98,"column":113}},"type":"cond-expr","locations":[{"start":{"line":98,"column":38},"end":{"line":98,"column":65}},{"start":{"line":98,"column":65},"end":{"line":98,"column":113}}],"line":98},"8":{"loc":{"start":{"line":103,"column":13},"end":{"line":150,"column":null}},"type":"binary
[...]
"column":null}},"60":{"start":{"line":234,"column":12},"end":{"line":238,"column":null}},"61":{"start":{"line":240,"column":8},"end":{"line":245,"column":null}},"62":{"start":{"line":241,"column":29},"end":{"line":241,"column":null}},"63":{"start":{"line":242,"column":12},"end":{"line":242,"column":null}},"64":{"start":{"line":244,"column":12},"end":{"line":244,"column":null}},"65":{"start":{"line":249,"column":24},"end":{"line":249,"column":null}},"66":{"start":{"line":255,"column":8},"end":{"line":260,"column":null}},"67":{"start":{"line":256,"column":12},"end":{"line":259,"column":null}},"68":{"start":{"line":261,"column":8},"end":{"line":266,"column":null}},"69":{"start":{"line":262,"column":29},"end":{"line":262,"column":null}},"70":{"start":{"line":263,"column":12},"end":{"line":263,"column":null}},"71":{"start":{"line":265,"column":12},"end":{"line":265,"column":null}},"72":{"start":{"line":270,"column":24},"end":{"line":271,"column":null}},"73":{"start":{"line":279,"column":8},"end":{"line":290,"column":null}},"74":{"start":{"line":281,"column":29},"end":{"line":281,"column":null}},"75":{"start":{"line":282,"column":12},"end":{"line":289,"column":null}},"76":{"start":{"line":292,"column":8},"end":{"line":297,"column":null}},"77":{"start":{"line":293,"column":29},"end":{"line":293,"column":null}},"78":{"start":{"line":294,"column":12},"end":{"line":294,"column":null}},"79":{"start":{"line":296,"column":12},"end":{"line":296,"column":null}},"80":{"start":{"line":301,"column":22},"end":{"line":312,"column":null}},"81":{"start":{"line":315,"column":8},"end":{"line":317,"column":null}},"82":{"start":{"line":316,"column":12},"end":{"line":316,"column":null}},"83":{"start":{"line":319,"column":8},"end":{"line":321,"column":null}},"84":{"start":{"line":320,"column":12},"end":{"line":320,"column":null}},"85":{"start":{"line":323,"column":8},"end":{"line":323,"column":null}},"86":{"start":{"line":325,"column":8},"end":{"line":327,"column":null}},"87":{"start":{"line":326,"column":12},"end":{"line":326,"column":null}},"88":{"start":{"line":329,"column":8},"end":{"line":334,"column":null}},"89":{"start":{"line":330,"column":29},"end":{"line":330,"column":null}},"90":{"start":{"line":331,"column":12},"end":{"line":331,"column":null}},"91":{"start":{"line":333,"column":12},"end":{"line":333,"column":null}},"92":{"start":{"line":340,"column":20},"end":{"line":340,"column":null}},"93":{"start":{"line":341,"column":34},"end":{"line":341,"column":null}},"94":{"start":{"line":342,"column":8},"end":{"line":344,"column":null}},"95":{"start":{"line":343,"column":12},"end":{"line":343,"column":null}},"96":{"start":{"line":343,"column":35},"end":{"line":343,"column":74}},"97":{"start":{"line":345,"column":8},"end":{"line":345,"column":null}},"98":{"start":{"line":347,"column":20},"end":{"line":347,"column":null}},"99":{"start":{"line":349,"column":24},"end":{"line":362,"column":null}},"100":{"start":{"line":364,"column":25},"end":{"line":368,"column":null}},"101":{"start":{"line":370,"column":8},"end":{"line":372,"column":null}},"102":{"start":{"line":371,"column":12},"end":{"line":371,"column":null}},"103":{"start":{"line":374,"column":21},"end":{"line":374,"column":null}},"104":{"start":{"line":375,"column":8},"end":{"line":375,"column":null}},"105":{"start":{"line":379,"column":8},"end":{"line":379,"column":null}},"106":{"start":{"line":379,"column":38},"end":{"line":379,"column":76}},"107":{"start":{"line":379,"column":55},"end":{"line":379,"column":70}},"108":{"start":{"line":383,"column":25},"end":{"line":383,"column":null}}},"fnMap":{"0":{"name":"retrieveContext","decl":{"start":{"line":7,"column":11},"end":{"line":7,"column":27}},"loc":{"start":{"line":7,"column":50},"end":{"line":19,"column":null}},"line":7},"1":{"name":"(anonymous_1)","decl":{"start":{"line":12,"column":71},"end":{"line":12,"column":78}},"loc":{"start":{"line":12,"column":83},"end":{"line":12,"column":122}},"line":12},"2":{"name":"(anonymous_2)","decl":{"start":{"line":13,"column":104},"end":{"line":13,"column":111}},"loc":{"start":{"line":13,"column":116},"end":{"line":13,"column":155}},"line":13},"3":{"name":"(anonymous_3)","decl":{"start":{"line":14,"column":105},"end":{"line":14,"column":112}},"loc":{"start":{"line":14,"column":117},"end":{"line":14,"column":158}},"line":14},"4":{"name":"(anonymous_4)","decl":{"start":{"line":16,"column":29},"end":{"line":16,"column":33}},"loc":{"start":{"line":17,"column":12},"end":{"line":17,"column":null}},"line":17},"5":{"name":"constructor","decl":{"start":{"line":25,"column":4},"end":{"line":25,"column":18}},"loc":{"start":{"line":25,"column":18},"end":{"line":28,"column":null}},"line":25},"6":{"name":"setApiKey","decl":{"start":{"line":30,"column":4},"end":{"line":30,"column":14}},"loc":{"start":{"line":30,"column":27},"end":{"line":33,"column":null}},"line":30},"7":{"name":"getApiKey","decl":{"start":{"line":35,"column":4},"end":{"line":35,"column":24}},"loc":{"start":{"line":35,"column":24},"end":{"line":37,"column":null}},"line":35},"8":{"name":"generateCommanderSummary","decl":{"start":{"line":39,"column":10},"end":{"line":39,"column":35}},"loc":{"start":{"line":39,"column":97},"end":{"line":97,"column":null}},"line":39},"9":{"name":"generateTimeMachinePrediction","decl":{"start":{"line":99,"column":10},"end":{"line":99,"column":40}},"loc":{"start":{"line":99,"column":106},"end":{"line":127,"column":null}},"line":99},"10":{"name":"simulateDecision","decl":{"start":{"line":129,"column":10},"end":{"line":129,"column":27}},"loc":{"start":{"line":129,"column":72},"end":{"line":195,"column":null}},"line":129},"11":{"name":"generateProactiveAlerts","decl":{"start":{"line":197,"column":10},"end":{"line":197,"column":63}},"loc":{"start":{"line":197,"column":63},"end":{"line":226,"column":null}},"line":197},"12":{"name":"(anonymous_12)","decl":{"start":{"line":216,"column":29},"end":{"line":216,"column":34}},"loc":{"start":{"line":216,"column":46},"end":{"line":222,"column":14}},"line":216},"13":{"name":"generateEmotionAnalysis","decl":{"start":{"line":228,"column":10},"end":{"line":228,"column":58}},"loc":{"start":{"line":228,"column":58},"end":{"line":246,"column":null}},"line":228},"14":{"name":"checkAccessibilityRoutes","decl":{"start":{"line":248,"column":10},"end":{"line":248,"column":68}},"loc":{"start":{"line":248,"column":68},"end":{"line":267,"column":null}},"line":248},"15":{"name":"generateStadiumMap","decl":{"start":{"line":269,"column":10},"end":{"line":269,"column":29}},"loc":{"start":{"line":269,"column":73},"end":{"line":298,"column":null}},"line":269},"16":{"name":"generateFanResponse","decl":{"start":{"line":300,"column":10},"end":{"line":300,"column":30}},"loc":{"start":{"line":300,"column":149},"end":{"line":335,"column":null}},"line":300},"17":{"name":"callGeminiAPI","decl":{"start":{"line":339,"column":18},"end":{"line":339,"column":32}},"loc":{"start":{"line":339,"column":82},"end":{"line":376,"column":null}},"line":339},"18":{"name":"(anonymous_18)","decl":{"start":{"line":343,"column":22},"end":{"line":343,"column":30}},"loc":{"start":{"line":343,"column":35},"end":{"line":343,"column":74}},"line":343},"19":{"name":"mockDelay","decl":{"start":{"line":378,"column":4},"end":{"line":378,"column":12}},"loc":{"start":{"line":378,"column":59},"end":{"line":380,"column":null}},"line":378},"20":{"name":"(anonymous_20)","decl":{"start":{"line":379,"column":19},"end":{"line":379,"column":27}},"loc":{"start":{"line":379,"column":38},"end":{"line":379,"column":76}},"line":379},"21":{"name":"(anonymous_21)","decl":{"start":{"line":379,"column":38},"end":{"line":379,"column":55}},"loc":{"start":{"line":379,"column":55},"end":{"line":379,"column":70}},"line":379}},"branchMap":{"0":{"loc":{"start":{"line":12,"column":8},"end":{"line":12,"column":null}},"type":"if","locations":[{"start":{"line":12,"column":8},"end":{"line":12,"column":null}},{"start":{},"end":{}}],"line":12},"1":{"loc":{"start":{"line":12,"column":83},"end":{"line":12,"column":122}},"type":"binary-expr","locations":[{"start":{"line":12,"column":83},"end":{"line":12,"column":104}},{"start":{"line":12,"column":104},"end":{"line":12,"column":122}}],"line":12},"2":{"loc":{"start":{"line":13,"column":8},"end":{"line":13,"column":null}},"type":"if","locations":[{"start":{"line":13,"column":8},"end":{"line":13,"column":null}},{"start":{},"end":{}}],"line":13},"3":{"loc":{"start":{"line":13,"column":12},"end":{"line":13,"column":74}},"type":"binary-expr","locations":[{"start":{"line":13,"column":12},"end":{"line":13,"column":43}},{"start":{"line":13,"column":43},"end":{"line":13,"column":74}}],"line":13},"4":{"loc":{"start":{"line":13,"column":116},"end":{"line":13,"column":155}},"type":"binary-expr","locations":[{"start":{"line":13,"column":116},"end":{"line":13,"column":137}},{"start":{"line":13,"column":137},"end":{"line":13,"column":155}}],"line":13},"5":{"loc":{"start":{"line":14,"column":8},"end":{"line":14,"column":null}},"type":"if","locations":[{"start":{"line":14,"column":8},"end":{"line":14,"column":null}},{"start":{},"end":{}}],"line":14},"6":{"loc":{"start":{"line":14,"column":12},"end":{"line":14,"column":75}},"type":"binary-expr","locations":[{"start":{"line":14,"column":12},"end":{"line":14,"column":46}},{"start":{"line":14,"column":46},"end":{"line":14,"column":75}}],"line":14},"7":{"loc":{"start":{"line":14,"column":117},"end":{"line":14,"column":158}},"type":"binary-expr","locations":[{"start":{"line":14,"column":117},"end":{"line":14,"column":141}},{"start":{"line":14,"column":141},"end":{"line":14,"column":158}}],"line":14},"8":{"loc":{"start":{"line":27,"column":22},"end":{"line":27,"column":null}},"type":"binary-expr","locations":[{"start":{"line":27,"column":22},"end":{"line":27,"column":61}},{"start":{"line":27,"column":61},"end":{"line":27,"column":103}},{"start":{"line":27,"column":103},"end":{"line":27,"column":null}}],"line":27},"9":{"loc":{"start":{"line":57,"column":25},"end":{"line":57,"column":null}},"type":"binary-expr","locations":[{"start":{"line":57,"column":25},"end":{"line":57,"column":59}},{"start":{"line":57,"column":59},"end":{"line":57,"column":null}}],"line":57},"10":{"loc":{"start":{"line":75,"column":8},"end":{"line":85,"column":null}},"type":"if","locations":[{"start":{"line":75,"column":8},"end":{"line":85,"column":null}},{"start":{},"end":{}}],"line":75},"11":{"loc":{"start":{"line":91,"column":12},"end":{"line":91,"column":null}},"type":"if","locations":[{"start":{"line":91,"column":12},"end":{"line":91,"column":null}},{"start":{},"end":{}}],"line":91},"12":{"loc":{"start":{"line":110,"column":8},"end":{"line":118,"column":null}},"type":"if","locations":[{"start":{"line":110,"column":8},"end":{"line":118,"column":null}},{"start":{},"end":{}}],"line":110},"13":{"loc":{"start":{"line":113,"column":62},"end":{"line":113,"column":98}},"type":"cond-expr","locations":[{"start":{"line":113,"column":84},"end":{"line":113,"column":92}},{"start":{"line":113,"column":92},"end":{"line":113,"column":98}}],"line":113},"14":{"loc":{"start":{"line":166,"column":8},"end":{"line":181,"column":null}},"type":"if","locations":[{"start":{"line":166,"column":8},"end":{"line":181,"column":null}},{"start":{},"end":{}}],"line":166},"15":{"loc":{"start":{"line":205,"column":8},"end":{"line":210,"column":null}},"type":"if","locations":[{"start":{"line":205,"column":8},"end":{"line":210,"column":null}},{"start":{},"end":{}}],"line":205},"16":{"loc":{"start":{"line":233,"column":8},"end":{"line":239,"column":null}},"type":"if","locations":[{"start":{"line":233,"column":8},"end":{"line":239,"column":null}},{"start":{},"end":{}}],"line":233},"17":{"loc":{"start":{"line":255,"column":8},"end":{"line":260,"column":null}},"type":"if","locations":[{"start":{"line":255,"column":8},"end":{"line":260,"column":null}},{"start":{},"end":{}}],"line":255},"18":{"loc":{"start":{"line":279,"column":8},"end":{"line":290,"column":null}},"type":"if","locations":[{"start":{"line":279,"column":8},"end":{"line":290,"column":null}},{"start":{},"end":{}}],"line":279},"19":{"loc":{"start":{"line":281,"column":29},"end":{"line":281,"column":null}},"type":"cond-expr","locations":[{"start":{"line":281,"column":60},"end":{"line":281,"column":64}},{"start":{"line":281,"column":64},"end":{"line":281,"column":null}}],"line":281},"20":{"loc":{"start":{"line":300,"column":110},"end":{"line":300,"column":149}},"type":"default-arg","locations":[{"start":{"line":300,"column":128},"end":{"line":300,"column":149}}],"line":300},"21":{"loc":{"start":{"line":315,"column":8},"end":{"line":317,"column":null}},"type":"if","locations":[{"start":{"line":315,"column":8},"end":{"line":317,"column":null}},{"start":{},"end":{}}],"line":315},"22":{"loc":{"start":{"line":319,"column":8},"end":{"line":321,"column":null}},"type":"if","locations":[{"start":{"line":319,"column":8},"end":{"line":321,"column":null}},{"start":{},"end":{}}],"line":319},"23":{"loc":{"start":{"line":325,"column":8},"end":{"line":327,"column":null}},"type":"if","locations":[{"start":{"line":325,"column":8},"end":{"line":327,"column":null}},{"start":{},"end":{}}],"line":325},"24":{"loc":{"start":{"line":326,"column":34},"end":{"line":326,"column":200}},"type":"cond-expr","locations":[{"start":{"line":326,"column":48},"end":{"line":326,"column":134}},{"start":{"line":326,"column":134},"end":{"line":326,"column":200}}],"line":326},"25":{"loc":{"start":{"line":342,"column":8},"end":{"line":344,"column":null}},"type":"if","locations":[{"start":{"line":342,"column":8},"end":{"line":344,"column":null}},{"start":{},"end":{}}],"line":342},"26":{"loc":{"start":{"line":370,"column":8},"end":{"line":372,"column":null}},"type":"if","locations":[{"start":{"line":370,"column":8},"end":{"line":372,"column":null}},{"start":{},"end":{}}],"line":370},"27":{"loc":{"start":{"line":378,"column":34},"end":{"line":378,"column":59}},"type":"default-arg","locations":[{"start":{"line":378,"column":42},"end":{"line":378,"column":59}}],"line":378}},"s":{"0":1,"1":1,"2":1,"3":1,"4":13,"5":1,"6":0,"7":0,"8":1,"9":0,"10":0,"11":1,"12":6,"13":3,"14":3,"15":7,"16":7,"17":0,"18":0,"19":0,"20":0,"21":0,"22":0,"23":0,"24":0,"25":0,"26":0,"27":0,"28":0,"29":0,"30":0,"31":0,"32":0,"33":0,"34":0,"35":0,"36":0,"37":0,"38":1,"39":1,"40":1,"41":1,"42":0,"43":0,"44":0,"45":0,"46":0,"47":0,"48":3,"49":3,"50":1,"51":2,"52":2,"53":0,"54":0,"55":0,"56":0,"57":0,"58":0,"59":0,"60":0,"61":0,"62":0,"63":0,"64":0,"65":1,"66":1,"67":1,"68":0,"69":0,"70":0,"71":0,"72":4,"73":4,"74":0,"75":0,"76":4,"77":4,"78":2,"79":1,"80":3,"81":3,"82":1,"83":3,"84":0,"85":3,"86":3,"87":1,"88":2,"89":2,"90":1,"91":1,"92":8,"93":8,"94":8,"95":3,"96":3,"97":5,"98":5,"99":5,"100":5,"101":4,"102":1,"103":3,"104":3,"105":4,"106":4,"107":4,"108":3},"f":{"0":3,"1":13,"2":0,"3":0,"4":6,"5":3,"6":7,"7":0,"8":0,"9":0,"10":1,"11":3,"12":0,"13":0,"14":1,"15":4,"16":3,"17":8,"18":3,"19":4,"20":4,"21":4},"b":{"0":[1,0],"1":[13,10],"2":[0,1],"3":[1,1],"4":[0,0],"5":[0,1],"6":[1,1],"7":[0,0],"8":[3,0,0],"9":[0,0],"10":[0,0],"11":[0,0],"12":[0,0],"13":[0,0],"14":[1,0],"15":[1,2],"16":[0,0],"17":[1,0],"18":[0,4],"19":[0,0],"20":[3],"21":[1,2],"22":[0,3],"23":[1,2],"24":[1,0],"25":[3,5],"26":[1,3],"27":[4]},"meta":{"lastBranch":28,"lastFunction":22,"lastStatement":109,"seen":{"f:7:11:7:27":0,"s:8:27:8:Infinity":0,"s:9:28:9:Infinity":1,"b:12:8:12:Infinity:undefined:undefined:undefined:undefined":0,"s:12:8:12:Infinity":2,"s:12:41:12:Infinity":3,"f:12:71:12:78":1,"s:12:83:12:122":4,"b:12:83:12:104:12:104:12:122":1,"b:13:8:13:Infinity:undefined:undefined:undefined:undefined":2,"s:13:8:13:Infinity":5,"b:13:12:13:43:13:43:13:74":3,"s:13:74:13:Infinity":6,"f:13:104:13:111":2,"s:13:116:13:155":7,"b:13:116:13:137:13:137:13:155":4,"b:14:8:14:Infinity:undefined:undefined:undefined:undefined":5,"s:14:8:14:Infinity":8,"b:14:12:14:46:14:46:14:75":6,"s:14:75:14:Infinity":9,"f:14:105:14:112":3,"s:14:117:14:158":10,"b:14:117:14:141:14:141:14:158":7,"s:16:8:18:Infinity":11,"f:16:29:16:33":4,"s:17:12:17:Infinity":12,"s:337:34:337:Infinity":13,"f:25:4:25:18":5,"s:27:8:27:Infinity":14,"b:27:22:27:61:27:61:27:103:27:103:27:Infinity":8,"f:30:4:30:14":6,"s:31:8:31:Infinity":15,"s:32:8:32:Infinity":16,"f:35:4:35:24":7,"s:36:8:36:Infinity":17,"f:39:10:39:35":8,"s:41:24:60:Infinity":18,"b:57:25:57:59:57:59:57:Infinity":9,"b:75:8:85:Infinity:undefined:undefined:undefined:undefined":10,"s:75:8:85:Infinity":19,"s:76:12:84:Infinity":20,"s:87:8:96:Infinity":21,"s:88:29:88:Infinity":22,"s:89:30:89:Infinity":23,"s:90:27:90:Infinity":24,"b:91:12:91:Infinity:undefined:undefined:undefined:undefined":11,"s:91:12:91:Infinity":25,"s:91:45:91:Infinity":26,"s:92:12:92:Infinity":27,"s:94:12:94:Infinity":28,"s:95:12:95:Infinity":29,"f:99:10:99:40":9,"s:100:24:107:Infinity":30,"b:110:8:118:Infinity:undefined:undefined:undefined:undefined":12,"s:110:8:118:Infinity":31,"s:111:12:117:Infinity":32,"b:113:84:113:92:113:92:113:98":13,"s:120:8:126:Infinity":33,"s:121:29:121:Infinity":34,"s:122:30:122:Infinity":35,"s:123:12:123:Infinity":36,"s:125:12:125:Infinity":37,"f:129:10:129:27":10,"s:131:33:131:Infinity":38,"s:133:24:146:Infinity":39,"b:166:8:181:Infinity:undefined:undefined:undefined:undefined":14,"s:166:8:181:Infinity":40,"s:167:12:180:Infinity":41,"s:183:8:194:Infinity":42,"s:184:29:184:Infinity":43,"s:185:30:185:Infinity":44,"s:186:12:186:Infinity":45,"s:188:12:188:Infinity":46,"s:189:12:193:Infinity":47,"f:197:10:197:63":11,"s:198:24:198:Infinity":48,"b:205:8:210:Infinity:undefined:undefined:undefined:undefined":15,"s:205:8:210:Infinity":49,"s:206:12:209:Infinity":50,"s:212:8:225:Infinity":51,"s:213:29:213:Infinity":52,"s:214:30:214:Infinity":53,"s:215:30:215:Infinity":54,"s:216:12:222:Infinity":55,"f:216:29:216:34":12,"s:216:46:222:14":56,"s:224:12:224:Infinity":57,"f:228:10:228:58":13,"s:229:24:229:Infinity":58,"b:233:8:239:Infinity:undefined:undefined:undefined:undefined":16,"s:233:8:239:Infinity":59,"s:234:12:238:Infinity":60,"s:240:8:245:Infinity":61,"s:241:29:241:Infinity":62,"s:242:12:242:Infinity":63,"s:244:12:244:Infinity":64,"f:248:10:248:68":14,"s:249:24:249:Infinity":65,"b:255:8:260:Infinity:undefined:undefined:undefined:undefined":17,"s:255:8:260:Infinity":66,"s:256:12:259:Infinity":67,"s:261:8:266:Infinity":68,"s:262:29:262:Infinity":69,"s:263:12:263:Infinity":70,"s:265:12:265:Infinity":71,"f:269:10:269:29":15,"s:270:24:271:Infinity":72,"b:279:8:290:Infinity:undefined:undefined:undefined:undefined":18,"s:279:8:290:Infinity":73,"s:281:29:281:Infinity":74,"b:281:60:281:64:281:64:281:Infinity":19,"s:282:12:289:Infinity":75,"s:292:8:297:Infinity":76,"s:293:29:293:Infinity":77,"s:294:12:294:Infinity":78,"s:296:12:296:Infinity":79,"f:300:10:300:30":16,"b:300:128:300:149":20,"s:301:22:312:Infinity":80,"b:315:8:317:Infinity:undefined:undefined:undefined:undefined":21,"s:315:8:317:Infinity":81,"s:316:12:316:Infinity":82,"b:319:8:321:Infinity:undefined:undefined:undefined:undefined":22,"s:319:8:321:Infinity":83,"s:320:12:320:Infinity":84,"s:323:8:323:Infinity":85,"b:325:8:327:Infinity:undefined:undefined:undefined:undefined":23,"s:325:8:327:Infinity":86,"s:326:12:326:Infinity":87,"b:326:48:326:134:326:134:326:200":24,"s:329:8:334:Infinity":88,"s:330:29:330:Infinity":89,"s:331:12:331:Infinity":90,"s:333:12:333:Infinity":91,"f:339:18:339:32":17,"s:340:20:340:Infinity":92,"s:341:34:341:Infinity":93,"b:342:8:344:Infinity:undefined:undefined:undefined:undefined":25,"s:342:8:344:Infinity":94,"s:343:12:343:Infinity":95,"f:343:22:343:30":18,"s:343:35:343:74":96,"s:345:8:345:Infinity":97,"s:347:20:347:Infinity":98,"s:349:24:362:Infinity":99,"s:364:25:368:Infinity":100,"b:370:8:372:Infinity:undefined:undefined:undefined:undefined":26,"s:370:8:372:Infinity":101,"s:371:12:371:Infinity":102,"s:374:21:374:Infinity":103,"s:375:8:375:Infinity":104,"f:378:4:378:12":19,"b:378:42:378:59":27,"s:379:8:379:Infinity":105,"f:379:19:379:27":20,"s:379:38:379:76":106,"f:379:38:379:55":21,"s:379:55:379:70":107,"s:383:25:383:Infinity":108},"fnNames":{}}}
}
